{"@timestamp":"2022-04-13T16:40:30.361+08:00","level":"info","content":"get data:{state:{NoUnkeyedLiterals:{} DoNotCompare:[] DoNotCopy:[] atomicMessageInfo:0xc000186000} sizeCache:0 unknownFields:[] Id:201 AlgoOrderId:0 AlgorithmType:2560 AlgorithmId:2560 USecurityId:79 SecurityId:000407   OrderQty:30000 Price:3 OrderType:4 CumQty:0 LastPx:0 LastQty:0 ArrivedPrice:0 ChildOrdStatus:0 TransactTime:1649833966605556}"}
{"@timestamp":"2022-04-13T16:40:30.361+08:00","level":"info","content":"get transactAt:202204131512"}
{"@timestamp":"2022-04-13T16:40:30.368+08:00","level":"info","content":"get map key:202204131512:2560:79"}
{"@timestamp":"2022-04-13T16:40:30.368+08:00","level":"info","content":"get map value:{AlgorithmType:2560 AlgorithmId:2560 UsecurityId:79 SecurityId:000407   TimeDimension:1 TransactAt:202204131512 TransactTime:0 ArrivedPrice:0 SubVwap:0 SubVwapEntrust:0 SubVwapArrived:0 Vwap:0 DealRate:0 OrderQty:30000 LastQty:0 TotalLastQty:0 CancelQty:0 RejectedQty:0 MarketRate:3 VwapDeviation:0 ArrivedPriceDeviation:0 CreateTime:2022-04-13 16:40:30.368261 +0800 CST m=+0.040616601}"}
{"@timestamp":"2022-04-13T16:40:30.368+08:00","level":"info","content":"get algo map len:1"}
{"@timestamp":"2022-04-13T16:40:40.377+08:00","level":"info","content":"get data:{state:{NoUnkeyedLiterals:{} DoNotCompare:[] DoNotCopy:[] atomicMessageInfo:0xc000186000} sizeCache:0 unknownFields:[] Id:203 AlgoOrderId:0 AlgorithmType:1792 AlgorithmId:1792 USecurityId:79 SecurityId:000407   OrderQty:70000 Price:36242 OrderType:1 CumQty:0 LastPx:0 LastQty:0 ArrivedPrice:0 ChildOrdStatus:0 TransactTime:1649833966607211}"}
{"@timestamp":"2022-04-13T16:40:40.377+08:00","level":"info","content":"get transactAt:202204131512"}
{"@timestamp":"2022-04-13T16:40:40.383+08:00","level":"info","content":"get map key:202204131512:1792:79"}
{"@timestamp":"2022-04-13T16:40:40.383+08:00","level":"info","content":"get map value:{AlgorithmType:1792 AlgorithmId:1792 UsecurityId:79 SecurityId:000407   TimeDimension:1 TransactAt:202204131512 TransactTime:0 ArrivedPrice:0 SubVwap:0 SubVwapEntrust:0 SubVwapArrived:0 Vwap:0 DealRate:0 OrderQty:70000 LastQty:0 TotalLastQty:0 CancelQty:0 RejectedQty:0 MarketRate:7 VwapDeviation:0 ArrivedPriceDeviation:0 CreateTime:2022-04-13 16:40:40.3834004 +0800 CST m=+10.055756001}"}
{"@timestamp":"2022-04-13T16:40:40.383+08:00","level":"info","content":"get algo map len:2"}
{"@timestamp":"2022-04-13T16:40:50.386+08:00","level":"info","content":"get data:{state:{NoUnkeyedLiterals:{} DoNotCompare:[] DoNotCopy:[] atomicMessageInfo:0xc000186000} sizeCache:0 unknownFields:[] Id:206 AlgoOrderId:0 AlgorithmType:256 AlgorithmId:256 USecurityId:79 SecurityId:000407   OrderQty:40000 Price:3 OrderType:4 CumQty:0 LastPx:0 LastQty:0 ArrivedPrice:0 ChildOrdStatus:0 TransactTime:1649833966607217}"}
{"@timestamp":"2022-04-13T16:40:50.386+08:00","level":"info","content":"get transactAt:202204131512"}
{"@timestamp":"2022-04-13T16:40:50.391+08:00","level":"info","content":"get map key:202204131512:256:79"}
{"@timestamp":"2022-04-13T16:40:50.391+08:00","level":"info","content":"get map value:{AlgorithmType:256 AlgorithmId:256 UsecurityId:79 SecurityId:000407   TimeDimension:1 TransactAt:202204131512 TransactTime:0 ArrivedPrice:0 SubVwap:0 SubVwapEntrust:0 SubVwapArrived:0 Vwap:0 DealRate:0 OrderQty:40000 LastQty:0 TotalLastQty:0 CancelQty:0 RejectedQty:0 MarketRate:4 VwapDeviation:0 ArrivedPriceDeviation:0 CreateTime:2022-04-13 16:40:50.3910745 +0800 CST m=+20.063430101}"}
{"@timestamp":"2022-04-13T16:40:50.391+08:00","level":"info","content":"get algo map len:3"}
{"@timestamp":"2022-04-13T16:41:00.405+08:00","level":"info","content":"get data:{state:{NoUnkeyedLiterals:{} DoNotCompare:[] DoNotCopy:[] atomicMessageInfo:0xc000186000} sizeCache:0 unknownFields:[] Id:208 AlgoOrderId:0 AlgorithmType:1024 AlgorithmId:1024 USecurityId:79 SecurityId:000407   OrderQty:50000 Price:36944 OrderType:1 CumQty:0 LastPx:0 LastQty:0 ArrivedPrice:0 ChildOrdStatus:0 TransactTime:1649833966607218}"}
{"@timestamp":"2022-04-13T16:41:00.405+08:00","level":"info","content":"get transactAt:202204131512"}
{"@timestamp":"2022-04-13T16:41:00.410+08:00","level":"info","content":"get map key:202204131512:1024:79"}
{"@timestamp":"2022-04-13T16:41:00.410+08:00","level":"info","content":"get map value:{AlgorithmType:1024 AlgorithmId:1024 UsecurityId:79 SecurityId:000407   TimeDimension:1 TransactAt:202204131512 TransactTime:0 ArrivedPrice:0 SubVwap:0 SubVwapEntrust:0 SubVwapArrived:0 Vwap:0 DealRate:0 OrderQty:50000 LastQty:0 TotalLastQty:0 CancelQty:0 RejectedQty:0 MarketRate:5 VwapDeviation:0 ArrivedPriceDeviation:0 CreateTime:2022-04-13 16:41:00.4103059 +0800 CST m=+30.082661501}"}
{"@timestamp":"2022-04-13T16:41:00.410+08:00","level":"info","content":"get algo map len:4"}
{"@timestamp":"2022-04-13T16:41:10.411+08:00","level":"info","content":"get data:{state:{NoUnkeyedLiterals:{} DoNotCompare:[] DoNotCopy:[] atomicMessageInfo:0xc000186000} sizeCache:0 unknownFields:[] Id:212 AlgoOrderId:0 AlgorithmType:2560 AlgorithmId:2560 USecurityId:66 SecurityId:000156   OrderQty:60000 Price:95148 OrderType:1 CumQty:0 LastPx:0 LastQty:0 ArrivedPrice:0 ChildOrdStatus:0 TransactTime:1649833966607219}"}
{"@timestamp":"2022-04-13T16:41:10.411+08:00","level":"info","content":"get transactAt:202204131512"}
{"@timestamp":"2022-04-13T16:41:10.415+08:00","level":"info","content":"get map key:202204131512:2560:66"}
{"@timestamp":"2022-04-13T16:41:10.415+08:00","level":"info","content":"get map value:{AlgorithmType:2560 AlgorithmId:2560 UsecurityId:66 SecurityId:000156   TimeDimension:1 TransactAt:202204131512 TransactTime:0 ArrivedPrice:0 SubVwap:0 SubVwapEntrust:0 SubVwapArrived:0 Vwap:0 DealRate:0 OrderQty:60000 LastQty:0 TotalLastQty:0 CancelQty:0 RejectedQty:0 MarketRate:6 VwapDeviation:0 ArrivedPriceDeviation:0 CreateTime:2022-04-13 16:41:10.4152562 +0800 CST m=+40.087611801}"}
{"@timestamp":"2022-04-13T16:41:10.415+08:00","level":"info","content":"get algo map len:5"}
{"@timestamp":"2022-04-13T16:41:20.427+08:00","level":"info","content":"get data:{state:{NoUnkeyedLiterals:{} DoNotCompare:[] DoNotCopy:[] atomicMessageInfo:0xc000186000} sizeCache:0 unknownFields:[] Id:214 AlgoOrderId:0 AlgorithmType:1792 AlgorithmId:1792 USecurityId:66 SecurityId:000156   OrderQty:50000 Price:114444 OrderType:1 CumQty:0 LastPx:0 LastQty:0 ArrivedPrice:0 ChildOrdStatus:0 TransactTime:1649833966607220}"}
{"@timestamp":"2022-04-13T16:41:20.427+08:00","level":"info","content":"get transactAt:202204131512"}
{"@timestamp":"2022-04-13T16:41:20.432+08:00","level":"info","content":"get map key:202204131512:1792:66"}
{"@timestamp":"2022-04-13T16:41:20.432+08:00","level":"info","content":"get map value:{AlgorithmType:1792 AlgorithmId:1792 UsecurityId:66 SecurityId:000156   TimeDimension:1 TransactAt:202204131512 TransactTime:0 ArrivedPrice:0 SubVwap:0 SubVwapEntrust:0 SubVwapArrived:0 Vwap:0 DealRate:0 OrderQty:50000 LastQty:0 TotalLastQty:0 CancelQty:0 RejectedQty:0 MarketRate:5 VwapDeviation:0 ArrivedPriceDeviation:0 CreateTime:2022-04-13 16:41:20.4322512 +0800 CST m=+50.104606801}"}
{"@timestamp":"2022-04-13T16:41:20.432+08:00","level":"info","content":"get algo map len:6"}
{"@timestamp":"2022-04-13T16:41:30.445+08:00","level":"info","content":"get data:{state:{NoUnkeyedLiterals:{} DoNotCompare:[] DoNotCopy:[] atomicMessageInfo:0xc000186000} sizeCache:0 unknownFields:[] Id:216 AlgoOrderId:0 AlgorithmType:256 AlgorithmId:256 USecurityId:66 SecurityId:000156   OrderQty:30000 Price:111917 OrderType:1 CumQty:0 LastPx:0 LastQty:0 ArrivedPrice:0 ChildOrdStatus:0 TransactTime:1649833966607221}"}
{"@timestamp":"2022-04-13T16:41:30.445+08:00","level":"info","content":"get transactAt:202204131512"}
{"@timestamp":"2022-04-13T16:41:30.450+08:00","level":"info","content":"get map key:202204131512:256:66"}
{"@timestamp":"2022-04-13T16:41:30.450+08:00","level":"info","content":"get map value:{AlgorithmType:256 AlgorithmId:256 UsecurityId:66 SecurityId:000156   TimeDimension:1 TransactAt:202204131512 TransactTime:0 ArrivedPrice:0 SubVwap:0 SubVwapEntrust:0 SubVwapArrived:0 Vwap:0 DealRate:0 OrderQty:30000 LastQty:0 TotalLastQty:0 CancelQty:0 RejectedQty:0 MarketRate:3 VwapDeviation:0 ArrivedPriceDeviation:0 CreateTime:2022-04-13 16:41:30.4501647 +0800 CST m=+60.122520301}"}
{"@timestamp":"2022-04-13T16:41:30.450+08:00","level":"info","content":"get algo map len:7"}
{"@timestamp":"2022-04-13T16:41:40.459+08:00","level":"info","content":"get data:{state:{NoUnkeyedLiterals:{} DoNotCompare:[] DoNotCopy:[] atomicMessageInfo:0xc000186000} sizeCache:0 unknownFields:[] Id:219 AlgoOrderId:0 AlgorithmType:1024 AlgorithmId:1024 USecurityId:66 SecurityId:000156   OrderQty:50000 Price:10 OrderType:4 CumQty:0 LastPx:0 LastQty:0 ArrivedPrice:0 ChildOrdStatus:0 TransactTime:1649833966607222}"}
{"@timestamp":"2022-04-13T16:41:40.459+08:00","level":"info","content":"get transactAt:202204131512"}
{"@timestamp":"2022-04-13T16:41:40.463+08:00","level":"info","content":"get map key:202204131512:1024:66"}
{"@timestamp":"2022-04-13T16:41:40.463+08:00","level":"info","content":"get map value:{AlgorithmType:1024 AlgorithmId:1024 UsecurityId:66 SecurityId:000156   TimeDimension:1 TransactAt:202204131512 TransactTime:0 ArrivedPrice:0 SubVwap:0 SubVwapEntrust:0 SubVwapArrived:0 Vwap:0 DealRate:0 OrderQty:50000 LastQty:0 TotalLastQty:0 CancelQty:0 RejectedQty:0 MarketRate:5 VwapDeviation:0 ArrivedPriceDeviation:0 CreateTime:2022-04-13 16:41:40.463185 +0800 CST m=+70.135540601}"}
{"@timestamp":"2022-04-13T16:41:40.463+08:00","level":"info","content":"get algo map len:8"}
{"@timestamp":"2022-04-13T16:41:50.473+08:00","level":"info","content":"get data:{state:{NoUnkeyedLiterals:{} DoNotCompare:[] DoNotCopy:[] atomicMessageInfo:0xc000186000} sizeCache:0 unknownFields:[] Id:223 AlgoOrderId:0 AlgorithmType:2560 AlgorithmId:2560 USecurityId:1 SecurityId:000001   OrderQty:20000 Price:13 OrderType:4 CumQty:0 LastPx:0 LastQty:0 ArrivedPrice:0 ChildOrdStatus:0 TransactTime:1649833966607223}"}
{"@timestamp":"2022-04-13T16:41:50.473+08:00","level":"info","content":"get transactAt:202204131512"}
{"@timestamp":"2022-04-13T16:41:50.477+08:00","level":"info","content":"get map key:202204131512:2560:1"}
{"@timestamp":"2022-04-13T16:41:50.477+08:00","level":"info","content":"get map value:{AlgorithmType:2560 AlgorithmId:2560 UsecurityId:1 SecurityId:000001   TimeDimension:1 TransactAt:202204131512 TransactTime:0 ArrivedPrice:0 SubVwap:0 SubVwapEntrust:0 SubVwapArrived:0 Vwap:0 DealRate:0 OrderQty:20000 LastQty:0 TotalLastQty:0 CancelQty:0 RejectedQty:0 MarketRate:2 VwapDeviation:0 ArrivedPriceDeviation:0 CreateTime:2022-04-13 16:41:50.4773947 +0800 CST m=+80.149750301}"}
{"@timestamp":"2022-04-13T16:41:50.477+08:00","level":"info","content":"get algo map len:9"}
{"@timestamp":"2022-04-13T16:42:00.477+08:00","level":"info","content":"get data:{state:{NoUnkeyedLiterals:{} DoNotCompare:[] DoNotCopy:[] atomicMessageInfo:0xc000186000} sizeCache:0 unknownFields:[] Id:225 AlgoOrderId:0 AlgorithmType:1792 AlgorithmId:1792 USecurityId:1 SecurityId:000001   OrderQty:40000 Price:144365 OrderType:1 CumQty:0 LastPx:0 LastQty:0 ArrivedPrice:0 ChildOrdStatus:0 TransactTime:1649833966607224}"}
{"@timestamp":"2022-04-13T16:42:00.477+08:00","level":"info","content":"get transactAt:202204131512"}
{"@timestamp":"2022-04-13T16:42:00.482+08:00","level":"info","content":"get map key:202204131512:1792:1"}
{"@timestamp":"2022-04-13T16:42:00.482+08:00","level":"info","content":"get map value:{AlgorithmType:1792 AlgorithmId:1792 UsecurityId:1 SecurityId:000001   TimeDimension:1 TransactAt:202204131512 TransactTime:0 ArrivedPrice:0 SubVwap:0 SubVwapEntrust:0 SubVwapArrived:0 Vwap:0 DealRate:0 OrderQty:40000 LastQty:0 TotalLastQty:0 CancelQty:0 RejectedQty:0 MarketRate:4 VwapDeviation:0 ArrivedPriceDeviation:0 CreateTime:2022-04-13 16:42:00.4822453 +0800 CST m=+90.154600901}"}
{"@timestamp":"2022-04-13T16:42:00.482+08:00","level":"info","content":"get algo map len:10"}
{"@timestamp":"2022-04-13T16:42:10.489+08:00","level":"info","content":"get data:{state:{NoUnkeyedLiterals:{} DoNotCompare:[] DoNotCopy:[] atomicMessageInfo:0xc000186000} sizeCache:0 unknownFields:[] Id:204 AlgoOrderId:0 AlgorithmType:2048 AlgorithmId:2048 USecurityId:79 SecurityId:000407   OrderQty:70000 Price:37378 OrderType:1 CumQty:0 LastPx:0 LastQty:0 ArrivedPrice:0 ChildOrdStatus:0 TransactTime:1649833966607185}"}
{"@timestamp":"2022-04-13T16:42:10.489+08:00","level":"info","content":"get transactAt:202204131512"}
{"@timestamp":"2022-04-13T16:42:10.495+08:00","level":"info","content":"get map key:202204131512:2048:79"}
{"@timestamp":"2022-04-13T16:42:10.495+08:00","level":"info","content":"get map value:{AlgorithmType:2048 AlgorithmId:2048 UsecurityId:79 SecurityId:000407   TimeDimension:1 TransactAt:202204131512 TransactTime:0 ArrivedPrice:0 SubVwap:0 SubVwapEntrust:0 SubVwapArrived:0 Vwap:0 DealRate:0 OrderQty:70000 LastQty:0 TotalLastQty:0 CancelQty:0 RejectedQty:0 MarketRate:7 VwapDeviation:0 ArrivedPriceDeviation:0 CreateTime:2022-04-13 16:42:10.4953248 +0800 CST m=+100.167680401}"}
{"@timestamp":"2022-04-13T16:42:10.495+08:00","level":"info","content":"get algo map len:11"}
{"@timestamp":"2022-04-13T16:42:20.497+08:00","level":"info","content":"get data:{state:{NoUnkeyedLiterals:{} DoNotCompare:[] DoNotCopy:[] atomicMessageInfo:0xc000186000} sizeCache:0 unknownFields:[] Id:207 AlgoOrderId:0 AlgorithmType:1280 AlgorithmId:1280 USecurityId:79 SecurityId:000407   OrderQty:20000 Price:3 OrderType:4 CumQty:0 LastPx:0 LastQty:0 ArrivedPrice:0 ChildOrdStatus:0 TransactTime:1649833966607216}"}
{"@timestamp":"2022-04-13T16:42:20.497+08:00","level":"info","content":"get transactAt:202204131512"}
{"@timestamp":"2022-04-13T16:42:20.501+08:00","level":"info","content":"get map key:202204131512:1280:79"}
{"@timestamp":"2022-04-13T16:42:20.501+08:00","level":"info","content":"get map value:{AlgorithmType:1280 AlgorithmId:1280 UsecurityId:79 SecurityId:000407   TimeDimension:1 TransactAt:202204131512 TransactTime:0 ArrivedPrice:0 SubVwap:0 SubVwapEntrust:0 SubVwapArrived:0 Vwap:0 DealRate:0 OrderQty:20000 LastQty:0 TotalLastQty:0 CancelQty:0 RejectedQty:0 MarketRate:2 VwapDeviation:0 ArrivedPriceDeviation:0 CreateTime:2022-04-13 16:42:20.5010713 +0800 CST m=+110.173426901}"}
{"@timestamp":"2022-04-13T16:42:20.501+08:00","level":"info","content":"get algo map len:12"}
{"@timestamp":"2022-04-13T16:42:30.508+08:00","level":"info","content":"get data:{state:{NoUnkeyedLiterals:{} DoNotCompare:[] DoNotCopy:[] atomicMessageInfo:0xc000186000} sizeCache:0 unknownFields:[] Id:210 AlgoOrderId:0 AlgorithmType:512 AlgorithmId:512 USecurityId:79 SecurityId:000407   OrderQty:50000 Price:38312 OrderType:1 CumQty:0 LastPx:0 LastQty:0 ArrivedPrice:0 ChildOrdStatus:0 TransactTime:1649833966607217}"}
{"@timestamp":"2022-04-13T16:42:30.508+08:00","level":"info","content":"get transactAt:202204131512"}
{"@timestamp":"2022-04-13T16:42:30.513+08:00","level":"info","content":"get map key:202204131512:512:79"}
{"@timestamp":"2022-04-13T16:42:30.513+08:00","level":"info","content":"get map value:{AlgorithmType:512 AlgorithmId:512 UsecurityId:79 SecurityId:000407   TimeDimension:1 TransactAt:202204131512 TransactTime:0 ArrivedPrice:0 SubVwap:0 SubVwapEntrust:0 SubVwapArrived:0 Vwap:0 DealRate:0 OrderQty:50000 LastQty:0 TotalLastQty:0 CancelQty:0 RejectedQty:0 MarketRate:5 VwapDeviation:0 ArrivedPriceDeviation:0 CreateTime:2022-04-13 16:42:30.5130658 +0800 CST m=+120.185421401}"}
{"@timestamp":"2022-04-13T16:42:30.513+08:00","level":"info","content":"get algo map len:13"}
{"@timestamp":"2022-04-13T16:42:40.517+08:00","level":"info","content":"get data:{state:{NoUnkeyedLiterals:{} DoNotCompare:[] DoNotCopy:[] atomicMessageInfo:0xc000186000} sizeCache:0 unknownFields:[] Id:211 AlgoOrderId:0 AlgorithmType:2048 AlgorithmId:2048 USecurityId:66 SecurityId:000156   OrderQty:30000 Price:102746 OrderType:1 CumQty:0 LastPx:0 LastQty:0 ArrivedPrice:0 ChildOrdStatus:0 TransactTime:1649833966607220}"}
{"@timestamp":"2022-04-13T16:42:40.517+08:00","level":"info","content":"get transactAt:202204131512"}
{"@timestamp":"2022-04-13T16:42:40.522+08:00","level":"info","content":"get map key:202204131512:2048:66"}
{"@timestamp":"2022-04-13T16:42:40.522+08:00","level":"info","content":"get map value:{AlgorithmType:2048 AlgorithmId:2048 UsecurityId:66 SecurityId:000156   TimeDimension:1 TransactAt:202204131512 TransactTime:0 ArrivedPrice:0 SubVwap:0 SubVwapEntrust:0 SubVwapArrived:0 Vwap:0 DealRate:0 OrderQty:30000 LastQty:0 TotalLastQty:0 CancelQty:0 RejectedQty:0 MarketRate:3 VwapDeviation:0 ArrivedPriceDeviation:0 CreateTime:2022-04-13 16:42:40.5222918 +0800 CST m=+130.194647401}"}
{"@timestamp":"2022-04-13T16:42:40.522+08:00","level":"info","content":"get algo map len:14"}
{"@timestamp":"2022-04-13T16:42:50.530+08:00","level":"info","content":"get data:{state:{NoUnkeyedLiterals:{} DoNotCompare:[] DoNotCopy:[] atomicMessageInfo:0xc000186000} sizeCache:0 unknownFields:[] Id:215 AlgoOrderId:0 AlgorithmType:1280 AlgorithmId:1280 USecurityId:66 SecurityId:000156   OrderQty:10000 Price:112451 OrderType:1 CumQty:0 LastPx:0 LastQty:0 ArrivedPrice:0 ChildOrdStatus:0 TransactTime:1649833966607221}"}
{"@timestamp":"2022-04-13T16:42:50.530+08:00","level":"info","content":"get transactAt:202204131512"}
{"@timestamp":"2022-04-13T16:42:50.533+08:00","level":"info","content":"get map key:202204131512:1280:66"}
{"@timestamp":"2022-04-13T16:42:50.533+08:00","level":"info","content":"get map value:{AlgorithmType:1280 AlgorithmId:1280 UsecurityId:66 SecurityId:000156   TimeDimension:1 TransactAt:202204131512 TransactTime:0 ArrivedPrice:0 SubVwap:0 SubVwapEntrust:0 SubVwapArrived:0 Vwap:0 DealRate:0 OrderQty:10000 LastQty:0 TotalLastQty:0 CancelQty:0 RejectedQty:0 MarketRate:1 VwapDeviation:0 ArrivedPriceDeviation:0 CreateTime:2022-04-13 16:42:50.5336339 +0800 CST m=+140.205989501}"}
{"@timestamp":"2022-04-13T16:42:50.533+08:00","level":"info","content":"get algo map len:15"}
{"@timestamp":"2022-04-13T16:43:00.545+08:00","level":"info","content":"get data:{state:{NoUnkeyedLiterals:{} DoNotCompare:[] DoNotCopy:[] atomicMessageInfo:0xc000186000} sizeCache:0 unknownFields:[] Id:217 AlgoOrderId:0 AlgorithmType:512 AlgorithmId:512 USecurityId:66 SecurityId:000156   OrderQty:80000 Price:103813 OrderType:1 CumQty:0 LastPx:0 LastQty:0 ArrivedPrice:0 ChildOrdStatus:0 TransactTime:1649833966607222}"}
{"@timestamp":"2022-04-13T16:43:00.545+08:00","level":"info","content":"get transactAt:202204131512"}
{"@timestamp":"2022-04-13T16:43:00.548+08:00","level":"info","content":"get map key:202204131512:512:66"}
{"@timestamp":"2022-04-13T16:43:00.548+08:00","level":"info","content":"get map value:{AlgorithmType:512 AlgorithmId:512 UsecurityId:66 SecurityId:000156   TimeDimension:1 TransactAt:202204131512 TransactTime:0 ArrivedPrice:0 SubVwap:0 SubVwapEntrust:0 SubVwapArrived:0 Vwap:0 DealRate:0 OrderQty:80000 LastQty:0 TotalLastQty:0 CancelQty:0 RejectedQty:0 MarketRate:8 VwapDeviation:0 ArrivedPriceDeviation:0 CreateTime:2022-04-13 16:43:00.5487005 +0800 CST m=+150.221056101}"}
{"@timestamp":"2022-04-13T16:43:00.548+08:00","level":"info","content":"get algo map len:16"}
{"@timestamp":"2022-04-13T16:43:10.552+08:00","level":"info","content":"get data:{state:{NoUnkeyedLiterals:{} DoNotCompare:[] DoNotCopy:[] atomicMessageInfo:0xc000186000} sizeCache:0 unknownFields:[] Id:218 AlgoOrderId:0 AlgorithmType:2048 AlgorithmId:2048 USecurityId:1 SecurityId:000001   OrderQty:90000 Price:141939 OrderType:1 CumQty:0 LastPx:0 LastQty:0 ArrivedPrice:0 ChildOrdStatus:0 TransactTime:1649833966607224}"}
{"@timestamp":"2022-04-13T16:43:10.552+08:00","level":"info","content":"get transactAt:202204131512"}
{"@timestamp":"2022-04-13T16:43:10.555+08:00","level":"info","content":"get map key:202204131512:2048:1"}
{"@timestamp":"2022-04-13T16:43:10.555+08:00","level":"info","content":"get map value:{AlgorithmType:2048 AlgorithmId:2048 UsecurityId:1 SecurityId:000001   TimeDimension:1 TransactAt:202204131512 TransactTime:0 ArrivedPrice:0 SubVwap:0 SubVwapEntrust:0 SubVwapArrived:0 Vwap:0 DealRate:0 OrderQty:90000 LastQty:0 TotalLastQty:0 CancelQty:0 RejectedQty:0 MarketRate:9 VwapDeviation:0 ArrivedPriceDeviation:0 CreateTime:2022-04-13 16:43:10.5555027 +0800 CST m=+160.227858301}"}
{"@timestamp":"2022-04-13T16:43:10.555+08:00","level":"info","content":"get algo map len:17"}
{"@timestamp":"2022-04-13T16:43:20.557+08:00","level":"info","content":"get data:{state:{NoUnkeyedLiterals:{} DoNotCompare:[] DoNotCopy:[] atomicMessageInfo:0xc000186000} sizeCache:0 unknownFields:[] Id:220 AlgoOrderId:0 AlgorithmType:1280 AlgorithmId:1280 USecurityId:1 SecurityId:000001   OrderQty:10000 Price:124231 OrderType:1 CumQty:0 LastPx:0 LastQty:0 ArrivedPrice:0 ChildOrdStatus:0 TransactTime:1649833966607226}"}
{"@timestamp":"2022-04-13T16:43:20.557+08:00","level":"info","content":"get transactAt:202204131512"}
{"@timestamp":"2022-04-13T16:43:20.567+08:00","level":"info","content":"get map key:202204131512:1280:1"}
{"@timestamp":"2022-04-13T16:43:20.567+08:00","level":"info","content":"get map value:{AlgorithmType:1280 AlgorithmId:1280 UsecurityId:1 SecurityId:000001   TimeDimension:1 TransactAt:202204131512 TransactTime:0 ArrivedPrice:0 SubVwap:0 SubVwapEntrust:0 SubVwapArrived:0 Vwap:0 DealRate:0 OrderQty:10000 LastQty:0 TotalLastQty:0 CancelQty:0 RejectedQty:0 MarketRate:1 VwapDeviation:0 ArrivedPriceDeviation:0 CreateTime:2022-04-13 16:43:20.5671881 +0800 CST m=+170.239543701}"}
{"@timestamp":"2022-04-13T16:43:20.567+08:00","level":"info","content":"get algo map len:18"}
{"@timestamp":"2022-04-13T16:43:30.575+08:00","level":"info","content":"get data:{state:{NoUnkeyedLiterals:{} DoNotCompare:[] DoNotCopy:[] atomicMessageInfo:0xc000186000} sizeCache:0 unknownFields:[] Id:222 AlgoOrderId:0 AlgorithmType:512 AlgorithmId:512 USecurityId:1 SecurityId:000001   OrderQty:40000 Price:130733 OrderType:1 CumQty:0 LastPx:0 LastQty:0 ArrivedPrice:0 ChildOrdStatus:0 TransactTime:1649833966607233}"}
{"@timestamp":"2022-04-13T16:43:30.575+08:00","level":"info","content":"get transactAt:202204131512"}
{"@timestamp":"2022-04-13T16:43:30.580+08:00","level":"info","content":"get map key:202204131512:512:1"}
{"@timestamp":"2022-04-13T16:43:30.580+08:00","level":"info","content":"get map value:{AlgorithmType:512 AlgorithmId:512 UsecurityId:1 SecurityId:000001   TimeDimension:1 TransactAt:202204131512 TransactTime:0 ArrivedPrice:0 SubVwap:0 SubVwapEntrust:0 SubVwapArrived:0 Vwap:0 DealRate:0 OrderQty:40000 LastQty:0 TotalLastQty:0 CancelQty:0 RejectedQty:0 MarketRate:4 VwapDeviation:0 ArrivedPriceDeviation:0 CreateTime:2022-04-13 16:43:30.5803771 +0800 CST m=+180.252732701}"}
{"@timestamp":"2022-04-13T16:43:30.580+08:00","level":"info","content":"get algo map len:19"}
{"@timestamp":"2022-04-13T16:43:40.587+08:00","level":"info","content":"get data:{state:{NoUnkeyedLiterals:{} DoNotCompare:[] DoNotCopy:[] atomicMessageInfo:0xc000186000} sizeCache:0 unknownFields:[] Id:226 AlgoOrderId:0 AlgorithmType:2048 AlgorithmId:2048 USecurityId:41 SecurityId:000050   OrderQty:20000 Price:148928 OrderType:1 CumQty:0 LastPx:0 LastQty:0 ArrivedPrice:0 ChildOrdStatus:0 TransactTime:1649833966607236}"}
{"@timestamp":"2022-04-13T16:43:40.587+08:00","level":"info","content":"get transactAt:202204131512"}
{"@timestamp":"2022-04-13T16:43:40.591+08:00","level":"info","content":"get map key:202204131512:2048:41"}
{"@timestamp":"2022-04-13T16:43:40.591+08:00","level":"info","content":"get map value:{AlgorithmType:2048 AlgorithmId:2048 UsecurityId:41 SecurityId:000050   TimeDimension:1 TransactAt:202204131512 TransactTime:0 ArrivedPrice:0 SubVwap:0 SubVwapEntrust:0 SubVwapArrived:0 Vwap:0 DealRate:0 OrderQty:20000 LastQty:0 TotalLastQty:0 CancelQty:0 RejectedQty:0 MarketRate:2 VwapDeviation:0 ArrivedPriceDeviation:0 CreateTime:2022-04-13 16:43:40.5919261 +0800 CST m=+190.264281701}"}
{"@timestamp":"2022-04-13T16:43:40.591+08:00","level":"info","content":"get algo map len:20"}
{"@timestamp":"2022-04-13T16:43:50.592+08:00","level":"info","content":"get data:{state:{NoUnkeyedLiterals:{} DoNotCompare:[] DoNotCopy:[] atomicMessageInfo:0xc000186000} sizeCache:0 unknownFields:[] Id:230 AlgoOrderId:0 AlgorithmType:1280 AlgorithmId:1280 USecurityId:41 SecurityId:000050   OrderQty:80000 Price:152397 OrderType:1 CumQty:0 LastPx:0 LastQty:0 ArrivedPrice:0 ChildOrdStatus:0 TransactTime:1649833966607237}"}
{"@timestamp":"2022-04-13T16:43:50.592+08:00","level":"info","content":"get transactAt:202204131512"}
{"@timestamp":"2022-04-13T16:43:50.596+08:00","level":"info","content":"get map key:202204131512:1280:41"}
{"@timestamp":"2022-04-13T16:43:50.596+08:00","level":"info","content":"get map value:{AlgorithmType:1280 AlgorithmId:1280 UsecurityId:41 SecurityId:000050   TimeDimension:1 TransactAt:202204131512 TransactTime:0 ArrivedPrice:0 SubVwap:0 SubVwapEntrust:0 SubVwapArrived:0 Vwap:0 DealRate:0 OrderQty:80000 LastQty:0 TotalLastQty:0 CancelQty:0 RejectedQty:0 MarketRate:8 VwapDeviation:0 ArrivedPriceDeviation:0 CreateTime:2022-04-13 16:43:50.5969135 +0800 CST m=+200.269269101}"}
{"@timestamp":"2022-04-13T16:43:50.596+08:00","level":"info","content":"get algo map len:21"}
{"@timestamp":"2022-04-13T16:44:00.610+08:00","level":"info","content":"get data:{state:{NoUnkeyedLiterals:{} DoNotCompare:[] DoNotCopy:[] atomicMessageInfo:0xc000186000} sizeCache:0 unknownFields:[] Id:234 AlgoOrderId:0 AlgorithmType:512 AlgorithmId:512 USecurityId:41 SecurityId:000050   OrderQty:30000 Price:15 OrderType:4 CumQty:0 LastPx:0 LastQty:0 ArrivedPrice:0 ChildOrdStatus:0 TransactTime:1649833966607237}"}
{"@timestamp":"2022-04-13T16:44:00.610+08:00","level":"info","content":"get transactAt:202204131512"}
{"@timestamp":"2022-04-13T16:44:00.615+08:00","level":"info","content":"get map key:202204131512:512:41"}
{"@timestamp":"2022-04-13T16:44:00.615+08:00","level":"info","content":"get map value:{AlgorithmType:512 AlgorithmId:512 UsecurityId:41 SecurityId:000050   TimeDimension:1 TransactAt:202204131512 TransactTime:0 ArrivedPrice:0 SubVwap:0 SubVwapEntrust:0 SubVwapArrived:0 Vwap:0 DealRate:0 OrderQty:30000 LastQty:0 TotalLastQty:0 CancelQty:0 RejectedQty:0 MarketRate:3 VwapDeviation:0 ArrivedPriceDeviation:0 CreateTime:2022-04-13 16:44:00.6153641 +0800 CST m=+210.287719701}"}
{"@timestamp":"2022-04-13T16:44:00.615+08:00","level":"info","content":"get algo map len:22"}
{"@timestamp":"2022-04-13T16:44:10.627+08:00","level":"info","content":"get data:{state:{NoUnkeyedLiterals:{} DoNotCompare:[] DoNotCopy:[] atomicMessageInfo:0xc000186000} sizeCache:0 unknownFields:[] Id:202 AlgoOrderId:0 AlgorithmType:2304 AlgorithmId:2304 USecurityId:79 SecurityId:000407   OrderQty:10000 Price:35248 OrderType:1 CumQty:0 LastPx:0 LastQty:0 ArrivedPrice:0 ChildOrdStatus:0 TransactTime:1649833966607159}"}
{"@timestamp":"2022-04-13T16:44:10.627+08:00","level":"info","content":"get transactAt:202204131512"}
{"@timestamp":"2022-04-13T16:44:10.633+08:00","level":"info","content":"get map key:202204131512:2304:79"}
{"@timestamp":"2022-04-13T16:44:10.633+08:00","level":"info","content":"get map value:{AlgorithmType:2304 AlgorithmId:2304 UsecurityId:79 SecurityId:000407   TimeDimension:1 TransactAt:202204131512 TransactTime:0 ArrivedPrice:0 SubVwap:0 SubVwapEntrust:0 SubVwapArrived:0 Vwap:0 DealRate:0 OrderQty:10000 LastQty:0 TotalLastQty:0 CancelQty:0 RejectedQty:0 MarketRate:1 VwapDeviation:0 ArrivedPriceDeviation:0 CreateTime:2022-04-13 16:44:10.6337027 +0800 CST m=+220.306058301}"}
{"@timestamp":"2022-04-13T16:44:10.633+08:00","level":"info","content":"get algo map len:23"}
{"@timestamp":"2022-04-13T16:44:20.649+08:00","level":"info","content":"get data:{state:{NoUnkeyedLiterals:{} DoNotCompare:[] DoNotCopy:[] atomicMessageInfo:0xc000186000} sizeCache:0 unknownFields:[] Id:205 AlgoOrderId:0 AlgorithmType:1536 AlgorithmId:1536 USecurityId:79 SecurityId:000407   OrderQty:20000 Price:37418 OrderType:1 CumQty:0 LastPx:0 LastQty:0 ArrivedPrice:0 ChildOrdStatus:0 TransactTime:1649833966607215}"}
{"@timestamp":"2022-04-13T16:44:20.649+08:00","level":"info","content":"get transactAt:202204131512"}
{"@timestamp":"2022-04-13T16:44:20.657+08:00","level":"info","content":"get map key:202204131512:1536:79"}
{"@timestamp":"2022-04-13T16:44:20.657+08:00","level":"info","content":"get map value:{AlgorithmType:1536 AlgorithmId:1536 UsecurityId:79 SecurityId:000407   TimeDimension:1 TransactAt:202204131512 TransactTime:0 ArrivedPrice:0 SubVwap:0 SubVwapEntrust:0 SubVwapArrived:0 Vwap:0 DealRate:0 OrderQty:20000 LastQty:0 TotalLastQty:0 CancelQty:0 RejectedQty:0 MarketRate:2 VwapDeviation:0 ArrivedPriceDeviation:0 CreateTime:2022-04-13 16:44:20.6570431 +0800 CST m=+230.329398701}"}
{"@timestamp":"2022-04-13T16:44:20.657+08:00","level":"info","content":"get algo map len:24"}
{"@timestamp":"2022-04-13T16:44:30.657+08:00","level":"info","content":"get data:{state:{NoUnkeyedLiterals:{} DoNotCompare:[] DoNotCopy:[] atomicMessageInfo:0xc000186000} sizeCache:0 unknownFields:[] Id:209 AlgoOrderId:0 AlgorithmType:768 AlgorithmId:768 USecurityId:79 SecurityId:000407   OrderQty:80000 Price:3 OrderType:4 CumQty:0 LastPx:0 LastQty:0 ArrivedPrice:0 ChildOrdStatus:0 TransactTime:1649833966607218}"}
{"@timestamp":"2022-04-13T16:44:30.657+08:00","level":"info","content":"get transactAt:202204131512"}
{"@timestamp":"2022-04-13T16:44:30.662+08:00","level":"info","content":"get map key:202204131512:768:79"}
{"@timestamp":"2022-04-13T16:44:30.662+08:00","level":"info","content":"get map value:{AlgorithmType:768 AlgorithmId:768 UsecurityId:79 SecurityId:000407   TimeDimension:1 TransactAt:202204131512 TransactTime:0 ArrivedPrice:0 SubVwap:0 SubVwapEntrust:0 SubVwapArrived:0 Vwap:0 DealRate:0 OrderQty:80000 LastQty:0 TotalLastQty:0 CancelQty:0 RejectedQty:0 MarketRate:8 VwapDeviation:0 ArrivedPriceDeviation:0 CreateTime:2022-04-13 16:44:30.6627024 +0800 CST m=+240.335058001}"}
{"@timestamp":"2022-04-13T16:44:30.662+08:00","level":"info","content":"get algo map len:25"}
{"@timestamp":"2022-04-13T16:44:40.662+08:00","level":"info","content":"get data:{state:{NoUnkeyedLiterals:{} DoNotCompare:[] DoNotCopy:[] atomicMessageInfo:0xc000186000} sizeCache:0 unknownFields:[] Id:213 AlgoOrderId:0 AlgorithmType:2304 AlgorithmId:2304 USecurityId:66 SecurityId:000156   OrderQty:20000 Price:107530 OrderType:1 CumQty:0 LastPx:0 LastQty:0 ArrivedPrice:0 ChildOrdStatus:0 TransactTime:1649833966607219}"}
{"@timestamp":"2022-04-13T16:44:40.662+08:00","level":"info","content":"get transactAt:202204131512"}
{"@timestamp":"2022-04-13T16:44:40.667+08:00","level":"info","content":"get map key:202204131512:2304:66"}
{"@timestamp":"2022-04-13T16:44:40.667+08:00","level":"info","content":"get map value:{AlgorithmType:2304 AlgorithmId:2304 UsecurityId:66 SecurityId:000156   TimeDimension:1 TransactAt:202204131512 TransactTime:0 ArrivedPrice:0 SubVwap:0 SubVwapEntrust:0 SubVwapArrived:0 Vwap:0 DealRate:0 OrderQty:20000 LastQty:0 TotalLastQty:0 CancelQty:0 RejectedQty:0 MarketRate:2 VwapDeviation:0 ArrivedPriceDeviation:0 CreateTime:2022-04-13 16:44:40.6679113 +0800 CST m=+250.340266901}"}
{"@timestamp":"2022-04-13T16:44:40.667+08:00","level":"info","content":"get algo map len:26"}
{"@timestamp":"2022-04-13T16:44:50.683+08:00","level":"info","content":"get data:{state:{NoUnkeyedLiterals:{} DoNotCompare:[] DoNotCopy:[] atomicMessageInfo:0xc000186000} sizeCache:0 unknownFields:[] Id:221 AlgoOrderId:0 AlgorithmType:1536 AlgorithmId:1536 USecurityId:66 SecurityId:000156   OrderQty:40000 Price:112998 OrderType:1 CumQty:0 LastPx:0 LastQty:0 ArrivedPrice:0 ChildOrdStatus:0 TransactTime:1649833966607221}"}
{"@timestamp":"2022-04-13T16:44:50.683+08:00","level":"info","content":"get transactAt:202204131512"}
{"@timestamp":"2022-04-13T16:44:50.688+08:00","level":"info","content":"get map key:202204131512:1536:66"}
{"@timestamp":"2022-04-13T16:44:50.688+08:00","level":"info","content":"get map value:{AlgorithmType:1536 AlgorithmId:1536 UsecurityId:66 SecurityId:000156   TimeDimension:1 TransactAt:202204131512 TransactTime:0 ArrivedPrice:0 SubVwap:0 SubVwapEntrust:0 SubVwapArrived:0 Vwap:0 DealRate:0 OrderQty:40000 LastQty:0 TotalLastQty:0 CancelQty:0 RejectedQty:0 MarketRate:4 VwapDeviation:0 ArrivedPriceDeviation:0 CreateTime:2022-04-13 16:44:50.6883499 +0800 CST m=+260.360705501}"}
{"@timestamp":"2022-04-13T16:44:50.688+08:00","level":"info","content":"get algo map len:27"}
{"@timestamp":"2022-04-13T16:45:00.701+08:00","level":"info","content":"get data:{state:{NoUnkeyedLiterals:{} DoNotCompare:[] DoNotCopy:[] atomicMessageInfo:0xc000186000} sizeCache:0 unknownFields:[] Id:224 AlgoOrderId:0 AlgorithmType:768 AlgorithmId:768 USecurityId:66 SecurityId:000156   OrderQty:10000 Price:10 OrderType:4 CumQty:0 LastPx:0 LastQty:0 ArrivedPrice:0 ChildOrdStatus:0 TransactTime:1649833966607222}"}
{"@timestamp":"2022-04-13T16:45:00.701+08:00","level":"info","content":"get transactAt:202204131512"}
{"@timestamp":"2022-04-13T16:45:00.706+08:00","level":"info","content":"get map key:202204131512:768:66"}
{"@timestamp":"2022-04-13T16:45:00.706+08:00","level":"info","content":"get map value:{AlgorithmType:768 AlgorithmId:768 UsecurityId:66 SecurityId:000156   TimeDimension:1 TransactAt:202204131512 TransactTime:0 ArrivedPrice:0 SubVwap:0 SubVwapEntrust:0 SubVwapArrived:0 Vwap:0 DealRate:0 OrderQty:10000 LastQty:0 TotalLastQty:0 CancelQty:0 RejectedQty:0 MarketRate:1 VwapDeviation:0 ArrivedPriceDeviation:0 CreateTime:2022-04-13 16:45:00.7069032 +0800 CST m=+270.379258801}"}
{"@timestamp":"2022-04-13T16:45:00.706+08:00","level":"info","content":"get algo map len:28"}
{"@timestamp":"2022-04-13T16:45:10.719+08:00","level":"info","content":"get data:{state:{NoUnkeyedLiterals:{} DoNotCompare:[] DoNotCopy:[] atomicMessageInfo:0xc000186000} sizeCache:0 unknownFields:[] Id:227 AlgoOrderId:0 AlgorithmType:2304 AlgorithmId:2304 USecurityId:1 SecurityId:000001   OrderQty:10000 Price:13 OrderType:4 CumQty:0 LastPx:0 LastQty:0 ArrivedPrice:0 ChildOrdStatus:0 TransactTime:1649833966607223}"}
{"@timestamp":"2022-04-13T16:45:10.719+08:00","level":"info","content":"get transactAt:202204131512"}
{"@timestamp":"2022-04-13T16:45:10.724+08:00","level":"info","content":"get map key:202204131512:2304:1"}
{"@timestamp":"2022-04-13T16:45:10.724+08:00","level":"info","content":"get map value:{AlgorithmType:2304 AlgorithmId:2304 UsecurityId:1 SecurityId:000001   TimeDimension:1 TransactAt:202204131512 TransactTime:0 ArrivedPrice:0 SubVwap:0 SubVwapEntrust:0 SubVwapArrived:0 Vwap:0 DealRate:0 OrderQty:10000 LastQty:0 TotalLastQty:0 CancelQty:0 RejectedQty:0 MarketRate:1 VwapDeviation:0 ArrivedPriceDeviation:0 CreateTime:2022-04-13 16:45:10.7244128 +0800 CST m=+280.396768401}"}
{"@timestamp":"2022-04-13T16:45:10.724+08:00","level":"info","content":"get algo map len:29"}
{"@timestamp":"2022-04-13T16:45:20.733+08:00","level":"info","content":"get data:{state:{NoUnkeyedLiterals:{} DoNotCompare:[] DoNotCopy:[] atomicMessageInfo:0xc000186000} sizeCache:0 unknownFields:[] Id:229 AlgoOrderId:0 AlgorithmType:1536 AlgorithmId:1536 USecurityId:1 SecurityId:000001   OrderQty:40000 Price:133479 OrderType:1 CumQty:0 LastPx:0 LastQty:0 ArrivedPrice:0 ChildOrdStatus:0 TransactTime:1649833966607224}"}
{"@timestamp":"2022-04-13T16:45:20.733+08:00","level":"info","content":"get transactAt:202204131512"}
{"@timestamp":"2022-04-13T16:45:20.738+08:00","level":"info","content":"get map key:202204131512:1536:1"}
{"@timestamp":"2022-04-13T16:45:20.738+08:00","level":"info","content":"get map value:{AlgorithmType:1536 AlgorithmId:1536 UsecurityId:1 SecurityId:000001   TimeDimension:1 TransactAt:202204131512 TransactTime:0 ArrivedPrice:0 SubVwap:0 SubVwapEntrust:0 SubVwapArrived:0 Vwap:0 DealRate:0 OrderQty:40000 LastQty:0 TotalLastQty:0 CancelQty:0 RejectedQty:0 MarketRate:4 VwapDeviation:0 ArrivedPriceDeviation:0 CreateTime:2022-04-13 16:45:20.738583 +0800 CST m=+290.410938601}"}
{"@timestamp":"2022-04-13T16:45:20.738+08:00","level":"info","content":"get algo map len:30"}
{"@timestamp":"2022-04-13T16:45:30.751+08:00","level":"info","content":"get data:{state:{NoUnkeyedLiterals:{} DoNotCompare:[] DoNotCopy:[] atomicMessageInfo:0xc000186000} sizeCache:0 unknownFields:[] Id:232 AlgoOrderId:0 AlgorithmType:768 AlgorithmId:768 USecurityId:1 SecurityId:000001   OrderQty:70000 Price:13 OrderType:4 CumQty:0 LastPx:0 LastQty:0 ArrivedPrice:0 ChildOrdStatus:0 TransactTime:1649833966607234}"}
{"@timestamp":"2022-04-13T16:45:30.751+08:00","level":"info","content":"get transactAt:202204131512"}
{"@timestamp":"2022-04-13T16:45:30.755+08:00","level":"info","content":"get map key:202204131512:768:1"}
{"@timestamp":"2022-04-13T16:45:30.755+08:00","level":"info","content":"get map value:{AlgorithmType:768 AlgorithmId:768 UsecurityId:1 SecurityId:000001   TimeDimension:1 TransactAt:202204131512 TransactTime:0 ArrivedPrice:0 SubVwap:0 SubVwapEntrust:0 SubVwapArrived:0 Vwap:0 DealRate:0 OrderQty:70000 LastQty:0 TotalLastQty:0 CancelQty:0 RejectedQty:0 MarketRate:7 VwapDeviation:0 ArrivedPriceDeviation:0 CreateTime:2022-04-13 16:45:30.7553612 +0800 CST m=+300.427716801}"}
{"@timestamp":"2022-04-13T16:45:30.755+08:00","level":"info","content":"get algo map len:31"}
