{"@timestamp":"2022-05-16T10:42:31.069+08:00","level":"stat","content":"CPU: 0m, MEMORY: Alloc=7.0Mi, TotalAlloc=10.4Mi, Sys=22.2Mi, NumGC=3"}
{"@timestamp":"2022-05-16T10:42:31.196+08:00","level":"stat","content":"(rpc) shedding_stat [1m], cpu: 0, total: 0, pass: 0, drop: 0"}
{"@timestamp":"2022-05-16T10:42:32.192+08:00","level":"stat","content":"(AlgoOrderTrade) - qps: 0.0/s, drops: 0, avg time: 109.0ms, med: 121.9ms, 90th: 121.9ms, 99th: 121.9ms, 99.9th: 121.9ms"}
{"@timestamp":"2022-05-16T10:43:31.064+08:00","level":"stat","content":"CPU: 0m, MEMORY: Alloc=7.7Mi, TotalAlloc=13.3Mi, Sys=22.2Mi, NumGC=4"}
{"@timestamp":"2022-05-16T10:43:31.190+08:00","level":"stat","content":"(rpc) shedding_stat [1m], cpu: 0, total: 120, pass: 120, drop: 0"}
{"@timestamp":"2022-05-16T10:43:32.204+08:00","level":"stat","content":"(AlgoOrderTrade) - qps: 0.0/s, drops: 0, avg time: 0.0ms, med: 0.0ms, 90th: 0.0ms, 99th: 0.0ms, 99.9th: 0.0ms"}
{"@timestamp":"2022-05-16T10:44:12.756+08:00","level":"stat","content":"(mqassess-rpc) - qps: 7.8/s, drops: 0, avg time: 0.2ms, med: 0.0ms, 90th: 0.5ms, 99th: 1.0ms, 99.9th: 1.3ms"}
{"@timestamp":"2022-05-16T10:44:31.064+08:00","level":"stat","content":"CPU: 0m, MEMORY: Alloc=6.1Mi, TotalAlloc=23.9Mi, Sys=26.5Mi, NumGC=7"}
{"@timestamp":"2022-05-16T10:44:31.188+08:00","level":"stat","content":"(rpc) shedding_stat [1m], cpu: 0, total: 450, pass: 450, drop: 0"}
{"@timestamp":"2022-05-16T10:44:32.192+08:00","level":"stat","content":"(AlgoOrderTrade) - qps: 0.0/s, drops: 0, avg time: 0.0ms, med: 0.0ms, 90th: 0.0ms, 99th: 0.0ms, 99.9th: 0.0ms"}
{"@timestamp":"2022-05-16T10:45:12.752+08:00","level":"stat","content":"(mqassess-rpc) - qps: 4.9/s, drops: 0, avg time: 0.2ms, med: 0.0ms, 90th: 0.6ms, 99th: 1.0ms, 99.9th: 1.4ms"}
{"@timestamp":"2022-05-16T10:45:31.068+08:00","level":"stat","content":"CPU: 0m, MEMORY: Alloc=8.9Mi, TotalAlloc=35.2Mi, Sys=26.5Mi, NumGC=9"}
{"@timestamp":"2022-05-16T10:45:31.189+08:00","level":"stat","content":"(rpc) shedding_stat [1m], cpu: 0, total: 352, pass: 352, drop: 0"}
{"@timestamp":"2022-05-16T10:45:32.194+08:00","level":"stat","content":"(AlgoOrderTrade) - qps: 0.0/s, drops: 0, avg time: 0.0ms, med: 0.0ms, 90th: 0.0ms, 99th: 0.0ms, 99.9th: 0.0ms"}
{"@timestamp":"2022-05-16T10:46:12.741+08:00","level":"stat","content":"(mqassess-rpc) - qps: 12.3/s, drops: 0, avg time: 0.2ms, med: 0.0ms, 90th: 0.5ms, 99th: 1.0ms, 99.9th: 1.2ms"}
{"@timestamp":"2022-05-16T10:46:31.067+08:00","level":"stat","content":"CPU: 0m, MEMORY: Alloc=8.9Mi, TotalAlloc=75.9Mi, Sys=26.8Mi, NumGC=19"}
{"@timestamp":"2022-05-16T10:46:31.191+08:00","level":"stat","content":"(rpc) shedding_stat [1m], cpu: 0, total: 924, pass: 924, drop: 0"}
{"@timestamp":"2022-05-16T10:46:32.196+08:00","level":"stat","content":"(AlgoOrderTrade) - qps: 0.0/s, drops: 0, avg time: 0.0ms, med: 0.0ms, 90th: 0.0ms, 99th: 0.0ms, 99.9th: 0.0ms"}
{"@timestamp":"2022-05-16T10:47:12.745+08:00","level":"stat","content":"(mqassess-rpc) - qps: 14.4/s, drops: 0, avg time: 0.3ms, med: 0.1ms, 90th: 0.6ms, 99th: 1.1ms, 99.9th: 1.2ms"}
{"@timestamp":"2022-05-16T10:47:31.063+08:00","level":"stat","content":"CPU: 0m, MEMORY: Alloc=6.4Mi, TotalAlloc=131.4Mi, Sys=27.0Mi, NumGC=33"}
{"@timestamp":"2022-05-16T10:47:31.196+08:00","level":"stat","content":"(rpc) shedding_stat [1m], cpu: 0, total: 884, pass: 884, drop: 0"}
{"@timestamp":"2022-05-16T10:47:32.196+08:00","level":"stat","content":"(AlgoOrderTrade) - qps: 0.0/s, drops: 0, avg time: 0.0ms, med: 0.0ms, 90th: 0.0ms, 99th: 0.0ms, 99.9th: 0.0ms"}
{"@timestamp":"2022-05-16T10:48:12.751+08:00","level":"stat","content":"(mqassess-rpc) - qps: 13.6/s, drops: 0, avg time: 0.4ms, med: 0.5ms, 90th: 0.6ms, 99th: 1.3ms, 99.9th: 2.0ms"}
{"@timestamp":"2022-05-16T10:48:31.071+08:00","level":"stat","content":"CPU: 0m, MEMORY: Alloc=8.6Mi, TotalAlloc=175.7Mi, Sys=27.0Mi, NumGC=43"}
{"@timestamp":"2022-05-16T10:48:31.195+08:00","level":"stat","content":"(rpc) shedding_stat [1m], cpu: 0, total: 551, pass: 551, drop: 0"}
{"@timestamp":"2022-05-16T10:48:32.206+08:00","level":"stat","content":"(AlgoOrderTrade) - qps: 0.0/s, drops: 0, avg time: 0.0ms, med: 0.0ms, 90th: 0.0ms, 99th: 0.0ms, 99.9th: 0.0ms"}
{"@timestamp":"2022-05-16T10:49:12.756+08:00","level":"stat","content":"(mqassess-rpc) - qps: 17.7/s, drops: 0, avg time: 0.4ms, med: 0.5ms, 90th: 0.6ms, 99th: 1.2ms, 99.9th: 1.8ms"}
{"@timestamp":"2022-05-16T10:49:31.067+08:00","level":"stat","content":"CPU: 0m, MEMORY: Alloc=8.6Mi, TotalAlloc=286.1Mi, Sys=27.3Mi, NumGC=70"}
{"@timestamp":"2022-05-16T10:49:31.192+08:00","level":"stat","content":"(rpc) shedding_stat [1m], cpu: 0, total: 1153, pass: 1153, drop: 0"}
{"@timestamp":"2022-05-16T10:49:32.198+08:00","level":"stat","content":"(AlgoOrderTrade) - qps: 0.0/s, drops: 0, avg time: 0.0ms, med: 0.0ms, 90th: 0.0ms, 99th: 0.0ms, 99.9th: 0.0ms"}
{"@timestamp":"2022-05-16T10:50:12.745+08:00","level":"stat","content":"(mqassess-rpc) - qps: 7.5/s, drops: 0, avg time: 0.4ms, med: 0.5ms, 90th: 0.8ms, 99th: 1.6ms, 99.9th: 3.7ms"}
{"@timestamp":"2022-05-16T10:50:31.071+08:00","level":"stat","content":"CPU: 0m, MEMORY: Alloc=8.2Mi, TotalAlloc=314.8Mi, Sys=27.3Mi, NumGC=77"}
{"@timestamp":"2022-05-16T10:50:31.196+08:00","level":"stat","content":"(rpc) shedding_stat [1m], cpu: 0, total: 252, pass: 252, drop: 0"}
{"@timestamp":"2022-05-16T10:50:32.196+08:00","level":"stat","content":"(AlgoOrderTrade) - qps: 0.0/s, drops: 0, avg time: 0.0ms, med: 0.0ms, 90th: 0.0ms, 99th: 0.0ms, 99.9th: 0.0ms"}
{"@timestamp":"2022-05-16T10:51:12.745+08:00","level":"stat","content":"(mqassess-rpc) - qps: 0.0/s, drops: 0, avg time: 0.0ms, med: 0.0ms, 90th: 0.0ms, 99th: 0.0ms, 99.9th: 0.0ms"}
{"@timestamp":"2022-05-16T10:51:31.073+08:00","level":"stat","content":"CPU: 0m, MEMORY: Alloc=9.6Mi, TotalAlloc=316.2Mi, Sys=27.3Mi, NumGC=77"}
{"@timestamp":"2022-05-16T10:51:31.198+08:00","level":"stat","content":"(rpc) shedding_stat [1m], cpu: 0, total: 0, pass: 0, drop: 0"}
{"@timestamp":"2022-05-16T10:51:32.202+08:00","level":"stat","content":"(AlgoOrderTrade) - qps: 0.0/s, drops: 0, avg time: 0.0ms, med: 0.0ms, 90th: 0.0ms, 99th: 0.0ms, 99.9th: 0.0ms"}
{"@timestamp":"2022-05-16T10:52:12.751+08:00","level":"stat","content":"(mqassess-rpc) - qps: 0.0/s, drops: 0, avg time: 0.0ms, med: 0.0ms, 90th: 0.0ms, 99th: 0.0ms, 99.9th: 0.0ms"}
{"@timestamp":"2022-05-16T10:52:31.067+08:00","level":"stat","content":"CPU: 0m, MEMORY: Alloc=8.3Mi, TotalAlloc=319.9Mi, Sys=27.3Mi, NumGC=78"}
{"@timestamp":"2022-05-16T10:52:31.191+08:00","level":"stat","content":"(rpc) shedding_stat [1m], cpu: 0, total: 0, pass: 0, drop: 0"}
{"@timestamp":"2022-05-16T10:52:32.204+08:00","level":"stat","content":"(AlgoOrderTrade) - qps: 0.0/s, drops: 0, avg time: 0.0ms, med: 0.0ms, 90th: 0.0ms, 99th: 0.0ms, 99.9th: 0.0ms"}
{"@timestamp":"2022-05-16T10:53:12.748+08:00","level":"stat","content":"(mqassess-rpc) - qps: 0.0/s, drops: 0, avg time: 0.0ms, med: 0.0ms, 90th: 0.0ms, 99th: 0.0ms, 99.9th: 0.0ms"}
{"@timestamp":"2022-05-16T10:53:31.074+08:00","level":"stat","content":"CPU: 0m, MEMORY: Alloc=7.5Mi, TotalAlloc=323.8Mi, Sys=27.3Mi, NumGC=79"}
{"@timestamp":"2022-05-16T10:53:31.199+08:00","level":"stat","content":"(rpc) shedding_stat [1m], cpu: 0, total: 0, pass: 0, drop: 0"}
{"@timestamp":"2022-05-16T10:53:32.191+08:00","level":"stat","content":"(AlgoOrderTrade) - qps: 0.0/s, drops: 0, avg time: 0.0ms, med: 0.0ms, 90th: 0.0ms, 99th: 0.0ms, 99.9th: 0.0ms"}
{"@timestamp":"2022-05-16T10:54:12.752+08:00","level":"stat","content":"(mqassess-rpc) - qps: 0.0/s, drops: 0, avg time: 0.0ms, med: 0.0ms, 90th: 0.0ms, 99th: 0.0ms, 99.9th: 0.0ms"}
{"@timestamp":"2022-05-16T10:54:31.075+08:00","level":"stat","content":"CPU: 0m, MEMORY: Alloc=5.7Mi, TotalAlloc=326.7Mi, Sys=27.3Mi, NumGC=80"}
{"@timestamp":"2022-05-16T10:54:31.202+08:00","level":"stat","content":"(rpc) shedding_stat [1m], cpu: 0, total: 0, pass: 0, drop: 0"}
{"@timestamp":"2022-05-16T10:54:32.196+08:00","level":"stat","content":"(AlgoOrderTrade) - qps: 0.0/s, drops: 0, avg time: 0.0ms, med: 0.0ms, 90th: 0.0ms, 99th: 0.0ms, 99.9th: 0.0ms"}
{"@timestamp":"2022-05-16T10:55:12.744+08:00","level":"stat","content":"(mqassess-rpc) - qps: 0.0/s, drops: 0, avg time: 0.0ms, med: 0.0ms, 90th: 0.0ms, 99th: 0.0ms, 99.9th: 0.0ms"}
{"@timestamp":"2022-05-16T10:55:31.064+08:00","level":"stat","content":"CPU: 0m, MEMORY: Alloc=8.9Mi, TotalAlloc=329.9Mi, Sys=27.3Mi, NumGC=80"}
{"@timestamp":"2022-05-16T10:55:31.200+08:00","level":"stat","content":"(rpc) shedding_stat [1m], cpu: 0, total: 0, pass: 0, drop: 0"}
{"@timestamp":"2022-05-16T10:55:32.195+08:00","level":"stat","content":"(AlgoOrderTrade) - qps: 0.0/s, drops: 0, avg time: 0.0ms, med: 0.0ms, 90th: 0.0ms, 99th: 0.0ms, 99.9th: 0.0ms"}
{"@timestamp":"2022-05-16T10:56:12.742+08:00","level":"stat","content":"(mqassess-rpc) - qps: 0.0/s, drops: 0, avg time: 0.0ms, med: 0.0ms, 90th: 0.0ms, 99th: 0.0ms, 99.9th: 0.0ms"}
{"@timestamp":"2022-05-16T10:56:31.073+08:00","level":"stat","content":"CPU: 0m, MEMORY: Alloc=5.7Mi, TotalAlloc=336.2Mi, Sys=27.3Mi, NumGC=82"}
{"@timestamp":"2022-05-16T10:56:31.200+08:00","level":"stat","content":"(rpc) shedding_stat [1m], cpu: 0, total: 0, pass: 0, drop: 0"}
{"@timestamp":"2022-05-16T10:56:32.193+08:00","level":"stat","content":"(AlgoOrderTrade) - qps: 0.0/s, drops: 0, avg time: 0.0ms, med: 0.0ms, 90th: 0.0ms, 99th: 0.0ms, 99.9th: 0.0ms"}
{"@timestamp":"2022-05-16T10:57:12.757+08:00","level":"stat","content":"(mqassess-rpc) - qps: 0.0/s, drops: 0, avg time: 0.0ms, med: 0.0ms, 90th: 0.0ms, 99th: 0.0ms, 99.9th: 0.0ms"}
{"@timestamp":"2022-05-16T10:57:31.069+08:00","level":"stat","content":"CPU: 0m, MEMORY: Alloc=7.6Mi, TotalAlloc=342.7Mi, Sys=27.3Mi, NumGC=83"}
{"@timestamp":"2022-05-16T10:57:31.197+08:00","level":"stat","content":"(rpc) shedding_stat [1m], cpu: 0, total: 0, pass: 0, drop: 0"}
{"@timestamp":"2022-05-16T10:57:32.203+08:00","level":"stat","content":"(AlgoOrderTrade) - qps: 0.0/s, drops: 0, avg time: 0.0ms, med: 0.0ms, 90th: 0.0ms, 99th: 0.0ms, 99.9th: 0.0ms"}
{"@timestamp":"2022-05-16T10:58:12.755+08:00","level":"stat","content":"(mqassess-rpc) - qps: 0.0/s, drops: 0, avg time: 0.0ms, med: 0.0ms, 90th: 0.0ms, 99th: 0.0ms, 99.9th: 0.0ms"}
{"@timestamp":"2022-05-16T10:58:31.074+08:00","level":"stat","content":"CPU: 0m, MEMORY: Alloc=8.9Mi, TotalAlloc=348.9Mi, Sys=27.3Mi, NumGC=84"}
{"@timestamp":"2022-05-16T10:58:31.201+08:00","level":"stat","content":"(rpc) shedding_stat [1m], cpu: 0, total: 0, pass: 0, drop: 0"}
{"@timestamp":"2022-05-16T10:58:32.196+08:00","level":"stat","content":"(AlgoOrderTrade) - qps: 0.0/s, drops: 0, avg time: 0.0ms, med: 0.0ms, 90th: 0.0ms, 99th: 0.0ms, 99.9th: 0.0ms"}
{"@timestamp":"2022-05-16T10:59:12.742+08:00","level":"stat","content":"(mqassess-rpc) - qps: 0.0/s, drops: 0, avg time: 0.0ms, med: 0.0ms, 90th: 0.0ms, 99th: 0.0ms, 99.9th: 0.0ms"}
{"@timestamp":"2022-05-16T10:59:31.065+08:00","level":"stat","content":"CPU: 0m, MEMORY: Alloc=7.4Mi, TotalAlloc=352.1Mi, Sys=27.3Mi, NumGC=85"}
{"@timestamp":"2022-05-16T10:59:31.191+08:00","level":"stat","content":"(rpc) shedding_stat [1m], cpu: 0, total: 0, pass: 0, drop: 0"}
{"@timestamp":"2022-05-16T10:59:32.199+08:00","level":"stat","content":"(AlgoOrderTrade) - qps: 0.0/s, drops: 0, avg time: 0.0ms, med: 0.0ms, 90th: 0.0ms, 99th: 0.0ms, 99.9th: 0.0ms"}
{"@timestamp":"2022-05-16T11:00:12.750+08:00","level":"stat","content":"(mqassess-rpc) - qps: 0.0/s, drops: 0, avg time: 0.0ms, med: 0.0ms, 90th: 0.0ms, 99th: 0.0ms, 99.9th: 0.0ms"}
{"@timestamp":"2022-05-16T11:00:31.071+08:00","level":"stat","content":"CPU: 0m, MEMORY: Alloc=7.7Mi, TotalAlloc=352.3Mi, Sys=27.3Mi, NumGC=85"}
{"@timestamp":"2022-05-16T11:00:31.197+08:00","level":"stat","content":"(rpc) shedding_stat [1m], cpu: 0, total: 0, pass: 0, drop: 0"}
{"@timestamp":"2022-05-16T11:00:32.202+08:00","level":"stat","content":"(AlgoOrderTrade) - qps: 0.0/s, drops: 0, avg time: 0.0ms, med: 0.0ms, 90th: 0.0ms, 99th: 0.0ms, 99.9th: 0.0ms"}
{"@timestamp":"2022-05-16T11:01:12.744+08:00","level":"stat","content":"(mqassess-rpc) - qps: 0.0/s, drops: 0, avg time: 0.0ms, med: 0.0ms, 90th: 0.0ms, 99th: 0.0ms, 99.9th: 0.0ms"}
{"@timestamp":"2022-05-16T11:01:31.067+08:00","level":"stat","content":"CPU: 0m, MEMORY: Alloc=5.7Mi, TotalAlloc=352.7Mi, Sys=27.3Mi, NumGC=86"}
{"@timestamp":"2022-05-16T11:01:31.191+08:00","level":"stat","content":"(rpc) shedding_stat [1m], cpu: 0, total: 0, pass: 0, drop: 0"}
{"@timestamp":"2022-05-16T11:01:32.201+08:00","level":"stat","content":"(AlgoOrderTrade) - qps: 0.0/s, drops: 0, avg time: 0.0ms, med: 0.0ms, 90th: 0.0ms, 99th: 0.0ms, 99.9th: 0.0ms"}
{"@timestamp":"2022-05-16T11:02:12.754+08:00","level":"stat","content":"(mqassess-rpc) - qps: 0.0/s, drops: 0, avg time: 0.0ms, med: 0.0ms, 90th: 0.0ms, 99th: 0.0ms, 99.9th: 0.0ms"}
{"@timestamp":"2022-05-16T11:02:31.065+08:00","level":"stat","content":"CPU: 0m, MEMORY: Alloc=8.6Mi, TotalAlloc=355.5Mi, Sys=27.3Mi, NumGC=86"}
{"@timestamp":"2022-05-16T11:02:31.191+08:00","level":"stat","content":"(rpc) shedding_stat [1m], cpu: 0, total: 0, pass: 0, drop: 0"}
{"@timestamp":"2022-05-16T11:02:32.193+08:00","level":"stat","content":"(AlgoOrderTrade) - qps: 0.0/s, drops: 0, avg time: 0.0ms, med: 0.0ms, 90th: 0.0ms, 99th: 0.0ms, 99.9th: 0.0ms"}
{"@timestamp":"2022-05-16T11:03:12.752+08:00","level":"stat","content":"(mqassess-rpc) - qps: 0.0/s, drops: 0, avg time: 0.0ms, med: 0.0ms, 90th: 0.0ms, 99th: 0.0ms, 99.9th: 0.0ms"}
{"@timestamp":"2022-05-16T11:03:31.069+08:00","level":"stat","content":"CPU: 0m, MEMORY: Alloc=9.9Mi, TotalAlloc=360.5Mi, Sys=27.3Mi, NumGC=87"}
{"@timestamp":"2022-05-16T11:03:31.197+08:00","level":"stat","content":"(rpc) shedding_stat [1m], cpu: 0, total: 0, pass: 0, drop: 0"}
{"@timestamp":"2022-05-16T11:03:32.199+08:00","level":"stat","content":"(AlgoOrderTrade) - qps: 0.0/s, drops: 0, avg time: 0.0ms, med: 0.0ms, 90th: 0.0ms, 99th: 0.0ms, 99.9th: 0.0ms"}
{"@timestamp":"2022-05-16T11:04:12.742+08:00","level":"stat","content":"(mqassess-rpc) - qps: 0.0/s, drops: 0, avg time: 0.0ms, med: 0.0ms, 90th: 0.0ms, 99th: 0.0ms, 99.9th: 0.0ms"}
{"@timestamp":"2022-05-16T11:04:31.062+08:00","level":"stat","content":"CPU: 0m, MEMORY: Alloc=8.0Mi, TotalAlloc=363.5Mi, Sys=27.3Mi, NumGC=88"}
{"@timestamp":"2022-05-16T11:04:31.199+08:00","level":"stat","content":"(rpc) shedding_stat [1m], cpu: 0, total: 0, pass: 0, drop: 0"}
{"@timestamp":"2022-05-16T11:04:32.193+08:00","level":"stat","content":"(AlgoOrderTrade) - qps: 0.0/s, drops: 0, avg time: 0.0ms, med: 0.0ms, 90th: 0.0ms, 99th: 0.0ms, 99.9th: 0.0ms"}
{"@timestamp":"2022-05-16T11:05:12.742+08:00","level":"stat","content":"(mqassess-rpc) - qps: 0.0/s, drops: 0, avg time: 0.0ms, med: 0.0ms, 90th: 0.0ms, 99th: 0.0ms, 99.9th: 0.0ms"}
{"@timestamp":"2022-05-16T11:05:31.066+08:00","level":"stat","content":"CPU: 0m, MEMORY: Alloc=7.8Mi, TotalAlloc=368.1Mi, Sys=27.3Mi, NumGC=89"}
{"@timestamp":"2022-05-16T11:05:31.191+08:00","level":"stat","content":"(rpc) shedding_stat [1m], cpu: 0, total: 0, pass: 0, drop: 0"}
{"@timestamp":"2022-05-16T11:05:32.201+08:00","level":"stat","content":"(AlgoOrderTrade) - qps: 0.0/s, drops: 0, avg time: 0.0ms, med: 0.0ms, 90th: 0.0ms, 99th: 0.0ms, 99.9th: 0.0ms"}
{"@timestamp":"2022-05-16T11:06:12.742+08:00","level":"stat","content":"(mqassess-rpc) - qps: 0.0/s, drops: 0, avg time: 0.0ms, med: 0.0ms, 90th: 0.0ms, 99th: 0.0ms, 99.9th: 0.0ms"}
{"@timestamp":"2022-05-16T11:06:31.070+08:00","level":"stat","content":"CPU: 0m, MEMORY: Alloc=7.6Mi, TotalAlloc=372.5Mi, Sys=27.3Mi, NumGC=90"}
{"@timestamp":"2022-05-16T11:06:31.196+08:00","level":"stat","content":"(rpc) shedding_stat [1m], cpu: 0, total: 0, pass: 0, drop: 0"}
{"@timestamp":"2022-05-16T11:06:32.200+08:00","level":"stat","content":"(AlgoOrderTrade) - qps: 0.0/s, drops: 0, avg time: 0.0ms, med: 0.0ms, 90th: 0.0ms, 99th: 0.0ms, 99.9th: 0.0ms"}
{"@timestamp":"2022-05-16T11:07:12.743+08:00","level":"stat","content":"(mqassess-rpc) - qps: 0.0/s, drops: 0, avg time: 0.0ms, med: 0.0ms, 90th: 0.0ms, 99th: 0.0ms, 99.9th: 0.0ms"}
{"@timestamp":"2022-05-16T11:07:31.063+08:00","level":"stat","content":"CPU: 0m, MEMORY: Alloc=7.2Mi, TotalAlloc=376.8Mi, Sys=27.3Mi, NumGC=91"}
{"@timestamp":"2022-05-16T11:07:31.188+08:00","level":"stat","content":"(rpc) shedding_stat [1m], cpu: 0, total: 0, pass: 0, drop: 0"}
{"@timestamp":"2022-05-16T11:07:32.195+08:00","level":"stat","content":"(AlgoOrderTrade) - qps: 0.0/s, drops: 0, avg time: 0.0ms, med: 0.0ms, 90th: 0.0ms, 99th: 0.0ms, 99.9th: 0.0ms"}
{"@timestamp":"2022-05-16T11:08:12.753+08:00","level":"stat","content":"(mqassess-rpc) - qps: 0.0/s, drops: 0, avg time: 0.0ms, med: 0.0ms, 90th: 0.0ms, 99th: 0.0ms, 99.9th: 0.0ms"}
{"@timestamp":"2022-05-16T11:08:31.063+08:00","level":"stat","content":"CPU: 0m, MEMORY: Alloc=5.9Mi, TotalAlloc=380.2Mi, Sys=27.3Mi, NumGC=92"}
{"@timestamp":"2022-05-16T11:08:31.188+08:00","level":"stat","content":"(rpc) shedding_stat [1m], cpu: 0, total: 0, pass: 0, drop: 0"}
{"@timestamp":"2022-05-16T11:08:32.202+08:00","level":"stat","content":"(AlgoOrderTrade) - qps: 0.0/s, drops: 0, avg time: 0.0ms, med: 0.0ms, 90th: 0.0ms, 99th: 0.0ms, 99.9th: 0.0ms"}
{"@timestamp":"2022-05-16T11:09:12.748+08:00","level":"stat","content":"(mqassess-rpc) - qps: 0.0/s, drops: 0, avg time: 0.0ms, med: 0.0ms, 90th: 0.0ms, 99th: 0.0ms, 99.9th: 0.0ms"}
{"@timestamp":"2022-05-16T11:09:31.073+08:00","level":"stat","content":"CPU: 0m, MEMORY: Alloc=9.8Mi, TotalAlloc=384.0Mi, Sys=27.3Mi, NumGC=92"}
{"@timestamp":"2022-05-16T11:09:31.199+08:00","level":"stat","content":"(rpc) shedding_stat [1m], cpu: 0, total: 0, pass: 0, drop: 0"}
{"@timestamp":"2022-05-16T11:09:32.205+08:00","level":"stat","content":"(AlgoOrderTrade) - qps: 0.0/s, drops: 0, avg time: 0.0ms, med: 0.0ms, 90th: 0.0ms, 99th: 0.0ms, 99.9th: 0.0ms"}
{"@timestamp":"2022-05-16T11:10:12.743+08:00","level":"stat","content":"(mqassess-rpc) - qps: 0.0/s, drops: 0, avg time: 0.0ms, med: 0.0ms, 90th: 0.0ms, 99th: 0.0ms, 99.9th: 0.0ms"}
{"@timestamp":"2022-05-16T11:10:31.062+08:00","level":"stat","content":"CPU: 0m, MEMORY: Alloc=10.2Mi, TotalAlloc=389.3Mi, Sys=27.3Mi, NumGC=93"}
{"@timestamp":"2022-05-16T11:10:31.189+08:00","level":"stat","content":"(rpc) shedding_stat [1m], cpu: 0, total: 0, pass: 0, drop: 0"}
{"@timestamp":"2022-05-16T11:10:32.198+08:00","level":"stat","content":"(AlgoOrderTrade) - qps: 0.0/s, drops: 0, avg time: 0.0ms, med: 0.0ms, 90th: 0.0ms, 99th: 0.0ms, 99.9th: 0.0ms"}
{"@timestamp":"2022-05-16T11:11:12.745+08:00","level":"stat","content":"(mqassess-rpc) - qps: 0.0/s, drops: 0, avg time: 0.0ms, med: 0.0ms, 90th: 0.0ms, 99th: 0.0ms, 99.9th: 0.0ms"}
{"@timestamp":"2022-05-16T11:11:31.076+08:00","level":"stat","content":"CPU: 0m, MEMORY: Alloc=6.2Mi, TotalAlloc=395.0Mi, Sys=27.3Mi, NumGC=95"}
{"@timestamp":"2022-05-16T11:11:31.192+08:00","level":"stat","content":"(rpc) shedding_stat [1m], cpu: 0, total: 0, pass: 0, drop: 0"}
{"@timestamp":"2022-05-16T11:11:32.191+08:00","level":"stat","content":"(AlgoOrderTrade) - qps: 0.0/s, drops: 0, avg time: 0.0ms, med: 0.0ms, 90th: 0.0ms, 99th: 0.0ms, 99.9th: 0.0ms"}
{"@timestamp":"2022-05-16T11:12:12.756+08:00","level":"stat","content":"(mqassess-rpc) - qps: 0.0/s, drops: 0, avg time: 0.0ms, med: 0.0ms, 90th: 0.0ms, 99th: 0.0ms, 99.9th: 0.0ms"}
{"@timestamp":"2022-05-16T11:12:31.063+08:00","level":"stat","content":"CPU: 0m, MEMORY: Alloc=6.4Mi, TotalAlloc=400.0Mi, Sys=27.3Mi, NumGC=96"}
{"@timestamp":"2022-05-16T11:12:31.188+08:00","level":"stat","content":"(rpc) shedding_stat [1m], cpu: 0, total: 0, pass: 0, drop: 0"}
{"@timestamp":"2022-05-16T11:12:32.204+08:00","level":"stat","content":"(AlgoOrderTrade) - qps: 0.0/s, drops: 0, avg time: 0.0ms, med: 0.0ms, 90th: 0.0ms, 99th: 0.0ms, 99.9th: 0.0ms"}
{"@timestamp":"2022-05-16T11:13:12.743+08:00","level":"stat","content":"(mqassess-rpc) - qps: 0.0/s, drops: 0, avg time: 0.0ms, med: 0.0ms, 90th: 0.0ms, 99th: 0.0ms, 99.9th: 0.0ms"}
{"@timestamp":"2022-05-16T11:13:31.073+08:00","level":"stat","content":"CPU: 0m, MEMORY: Alloc=5.8Mi, TotalAlloc=404.1Mi, Sys=27.3Mi, NumGC=97"}
{"@timestamp":"2022-05-16T11:13:31.200+08:00","level":"stat","content":"(rpc) shedding_stat [1m], cpu: 0, total: 0, pass: 0, drop: 0"}
{"@timestamp":"2022-05-16T11:13:32.195+08:00","level":"stat","content":"(AlgoOrderTrade) - qps: 0.0/s, drops: 0, avg time: 0.0ms, med: 0.0ms, 90th: 0.0ms, 99th: 0.0ms, 99.9th: 0.0ms"}
{"@timestamp":"2022-05-16T11:14:12.746+08:00","level":"stat","content":"(mqassess-rpc) - qps: 0.0/s, drops: 0, avg time: 0.0ms, med: 0.0ms, 90th: 0.0ms, 99th: 0.0ms, 99.9th: 0.0ms"}
{"@timestamp":"2022-05-16T11:14:31.066+08:00","level":"stat","content":"CPU: 0m, MEMORY: Alloc=6.5Mi, TotalAlloc=409.5Mi, Sys=27.3Mi, NumGC=98"}
{"@timestamp":"2022-05-16T11:14:31.192+08:00","level":"stat","content":"(rpc) shedding_stat [1m], cpu: 0, total: 0, pass: 0, drop: 0"}
{"@timestamp":"2022-05-16T11:14:32.194+08:00","level":"stat","content":"(AlgoOrderTrade) - qps: 0.0/s, drops: 0, avg time: 0.0ms, med: 0.0ms, 90th: 0.0ms, 99th: 0.0ms, 99.9th: 0.0ms"}
{"@timestamp":"2022-05-16T11:15:12.752+08:00","level":"stat","content":"(mqassess-rpc) - qps: 0.0/s, drops: 0, avg time: 0.0ms, med: 0.0ms, 90th: 0.0ms, 99th: 0.0ms, 99.9th: 0.0ms"}
{"@timestamp":"2022-05-16T11:15:31.065+08:00","level":"stat","content":"CPU: 0m, MEMORY: Alloc=6.1Mi, TotalAlloc=413.7Mi, Sys=27.3Mi, NumGC=99"}
{"@timestamp":"2022-05-16T11:15:31.190+08:00","level":"stat","content":"(rpc) shedding_stat [1m], cpu: 0, total: 0, pass: 0, drop: 0"}
{"@timestamp":"2022-05-16T11:15:32.195+08:00","level":"stat","content":"(AlgoOrderTrade) - qps: 0.0/s, drops: 0, avg time: 0.0ms, med: 0.0ms, 90th: 0.0ms, 99th: 0.0ms, 99.9th: 0.0ms"}
{"@timestamp":"2022-05-16T11:16:12.756+08:00","level":"stat","content":"(mqassess-rpc) - qps: 0.0/s, drops: 0, avg time: 0.0ms, med: 0.0ms, 90th: 0.0ms, 99th: 0.0ms, 99.9th: 0.0ms"}
{"@timestamp":"2022-05-16T11:16:31.066+08:00","level":"stat","content":"CPU: 0m, MEMORY: Alloc=7.1Mi, TotalAlloc=419.4Mi, Sys=27.3Mi, NumGC=100"}
{"@timestamp":"2022-05-16T11:16:31.192+08:00","level":"stat","content":"(rpc) shedding_stat [1m], cpu: 0, total: 0, pass: 0, drop: 0"}
{"@timestamp":"2022-05-16T11:16:32.201+08:00","level":"stat","content":"(AlgoOrderTrade) - qps: 0.0/s, drops: 0, avg time: 0.0ms, med: 0.0ms, 90th: 0.0ms, 99th: 0.0ms, 99.9th: 0.0ms"}
{"@timestamp":"2022-05-16T11:17:12.743+08:00","level":"stat","content":"(mqassess-rpc) - qps: 0.0/s, drops: 0, avg time: 0.0ms, med: 0.0ms, 90th: 0.0ms, 99th: 0.0ms, 99.9th: 0.0ms"}
{"@timestamp":"2022-05-16T11:17:31.076+08:00","level":"stat","content":"CPU: 0m, MEMORY: Alloc=8.2Mi, TotalAlloc=425.2Mi, Sys=27.3Mi, NumGC=101"}
{"@timestamp":"2022-05-16T11:17:31.201+08:00","level":"stat","content":"(rpc) shedding_stat [1m], cpu: 0, total: 0, pass: 0, drop: 0"}
{"@timestamp":"2022-05-16T11:17:32.197+08:00","level":"stat","content":"(AlgoOrderTrade) - qps: 0.0/s, drops: 0, avg time: 0.0ms, med: 0.0ms, 90th: 0.0ms, 99th: 0.0ms, 99.9th: 0.0ms"}
{"@timestamp":"2022-05-16T11:18:12.756+08:00","level":"stat","content":"(mqassess-rpc) - qps: 0.0/s, drops: 0, avg time: 0.0ms, med: 0.0ms, 90th: 0.0ms, 99th: 0.0ms, 99.9th: 0.0ms"}
{"@timestamp":"2022-05-16T11:18:31.072+08:00","level":"stat","content":"CPU: 0m, MEMORY: Alloc=6.1Mi, TotalAlloc=427.9Mi, Sys=27.3Mi, NumGC=102"}
{"@timestamp":"2022-05-16T11:18:31.198+08:00","level":"stat","content":"(rpc) shedding_stat [1m], cpu: 0, total: 0, pass: 0, drop: 0"}
{"@timestamp":"2022-05-16T11:18:32.192+08:00","level":"stat","content":"(AlgoOrderTrade) - qps: 0.0/s, drops: 0, avg time: 0.0ms, med: 0.0ms, 90th: 0.0ms, 99th: 0.0ms, 99.9th: 0.0ms"}
{"@timestamp":"2022-05-16T11:19:12.751+08:00","level":"stat","content":"(mqassess-rpc) - qps: 0.0/s, drops: 0, avg time: 0.0ms, med: 0.0ms, 90th: 0.0ms, 99th: 0.0ms, 99.9th: 0.0ms"}
{"@timestamp":"2022-05-16T11:19:31.071+08:00","level":"stat","content":"CPU: 0m, MEMORY: Alloc=9.4Mi, TotalAlloc=431.3Mi, Sys=27.3Mi, NumGC=102"}
{"@timestamp":"2022-05-16T11:19:31.198+08:00","level":"stat","content":"(rpc) shedding_stat [1m], cpu: 0, total: 0, pass: 0, drop: 0"}
{"@timestamp":"2022-05-16T11:19:32.206+08:00","level":"stat","content":"(AlgoOrderTrade) - qps: 0.0/s, drops: 0, avg time: 0.0ms, med: 0.0ms, 90th: 0.0ms, 99th: 0.0ms, 99.9th: 0.0ms"}
{"@timestamp":"2022-05-16T11:20:12.749+08:00","level":"stat","content":"(mqassess-rpc) - qps: 0.0/s, drops: 0, avg time: 0.0ms, med: 0.0ms, 90th: 0.0ms, 99th: 0.0ms, 99.9th: 0.0ms"}
{"@timestamp":"2022-05-16T11:20:31.070+08:00","level":"stat","content":"CPU: 0m, MEMORY: Alloc=8.7Mi, TotalAlloc=435.4Mi, Sys=27.3Mi, NumGC=103"}
{"@timestamp":"2022-05-16T11:20:31.195+08:00","level":"stat","content":"(rpc) shedding_stat [1m], cpu: 0, total: 0, pass: 0, drop: 0"}
{"@timestamp":"2022-05-16T11:20:32.200+08:00","level":"stat","content":"(AlgoOrderTrade) - qps: 0.0/s, drops: 0, avg time: 0.0ms, med: 0.0ms, 90th: 0.0ms, 99th: 0.0ms, 99.9th: 0.0ms"}
{"@timestamp":"2022-05-16T11:21:12.743+08:00","level":"stat","content":"(mqassess-rpc) - qps: 0.0/s, drops: 0, avg time: 0.0ms, med: 0.0ms, 90th: 0.0ms, 99th: 0.0ms, 99.9th: 0.0ms"}
{"@timestamp":"2022-05-16T11:21:31.069+08:00","level":"stat","content":"CPU: 0m, MEMORY: Alloc=7.9Mi, TotalAlloc=439.5Mi, Sys=27.3Mi, NumGC=104"}
{"@timestamp":"2022-05-16T11:21:31.195+08:00","level":"stat","content":"(rpc) shedding_stat [1m], cpu: 0, total: 0, pass: 0, drop: 0"}
{"@timestamp":"2022-05-16T11:21:32.203+08:00","level":"stat","content":"(AlgoOrderTrade) - qps: 0.0/s, drops: 0, avg time: 0.0ms, med: 0.0ms, 90th: 0.0ms, 99th: 0.0ms, 99.9th: 0.0ms"}
{"@timestamp":"2022-05-16T11:22:12.748+08:00","level":"stat","content":"(mqassess-rpc) - qps: 0.0/s, drops: 0, avg time: 0.0ms, med: 0.0ms, 90th: 0.0ms, 99th: 0.0ms, 99.9th: 0.0ms"}
{"@timestamp":"2022-05-16T11:22:31.075+08:00","level":"stat","content":"CPU: 0m, MEMORY: Alloc=10.1Mi, TotalAlloc=446.4Mi, Sys=27.3Mi, NumGC=105"}
{"@timestamp":"2022-05-16T11:22:31.201+08:00","level":"stat","content":"(rpc) shedding_stat [1m], cpu: 0, total: 0, pass: 0, drop: 0"}
{"@timestamp":"2022-05-16T11:22:32.195+08:00","level":"stat","content":"(AlgoOrderTrade) - qps: 0.0/s, drops: 0, avg time: 0.0ms, med: 0.0ms, 90th: 0.0ms, 99th: 0.0ms, 99.9th: 0.0ms"}
{"@timestamp":"2022-05-16T11:23:12.748+08:00","level":"stat","content":"(mqassess-rpc) - qps: 0.0/s, drops: 0, avg time: 0.0ms, med: 0.0ms, 90th: 0.0ms, 99th: 0.0ms, 99.9th: 0.0ms"}
{"@timestamp":"2022-05-16T11:23:31.069+08:00","level":"stat","content":"CPU: 0m, MEMORY: Alloc=6.2Mi, TotalAlloc=452.1Mi, Sys=27.3Mi, NumGC=107"}
{"@timestamp":"2022-05-16T11:23:31.197+08:00","level":"stat","content":"(rpc) shedding_stat [1m], cpu: 0, total: 0, pass: 0, drop: 0"}
{"@timestamp":"2022-05-16T11:23:32.201+08:00","level":"stat","content":"(AlgoOrderTrade) - qps: 0.0/s, drops: 0, avg time: 0.0ms, med: 0.0ms, 90th: 0.0ms, 99th: 0.0ms, 99.9th: 0.0ms"}
{"@timestamp":"2022-05-16T11:24:12.754+08:00","level":"stat","content":"(mqassess-rpc) - qps: 0.0/s, drops: 0, avg time: 0.0ms, med: 0.0ms, 90th: 0.0ms, 99th: 0.0ms, 99.9th: 0.0ms"}
{"@timestamp":"2022-05-16T11:24:31.064+08:00","level":"stat","content":"CPU: 0m, MEMORY: Alloc=8.7Mi, TotalAlloc=459.4Mi, Sys=27.3Mi, NumGC=108"}
{"@timestamp":"2022-05-16T11:24:31.190+08:00","level":"stat","content":"(rpc) shedding_stat [1m], cpu: 0, total: 0, pass: 0, drop: 0"}
{"@timestamp":"2022-05-16T11:24:32.201+08:00","level":"stat","content":"(AlgoOrderTrade) - qps: 0.0/s, drops: 0, avg time: 0.0ms, med: 0.0ms, 90th: 0.0ms, 99th: 0.0ms, 99.9th: 0.0ms"}
{"@timestamp":"2022-05-16T11:25:12.745+08:00","level":"stat","content":"(mqassess-rpc) - qps: 0.0/s, drops: 0, avg time: 0.0ms, med: 0.0ms, 90th: 0.0ms, 99th: 0.0ms, 99.9th: 0.0ms"}
{"@timestamp":"2022-05-16T11:25:31.072+08:00","level":"stat","content":"CPU: 0m, MEMORY: Alloc=5.9Mi, TotalAlloc=466.0Mi, Sys=27.3Mi, NumGC=110"}
{"@timestamp":"2022-05-16T11:25:31.197+08:00","level":"stat","content":"(rpc) shedding_stat [1m], cpu: 0, total: 0, pass: 0, drop: 0"}
{"@timestamp":"2022-05-16T11:25:32.203+08:00","level":"stat","content":"(AlgoOrderTrade) - qps: 0.0/s, drops: 0, avg time: 0.0ms, med: 0.0ms, 90th: 0.0ms, 99th: 0.0ms, 99.9th: 0.0ms"}
{"@timestamp":"2022-05-16T11:26:12.748+08:00","level":"stat","content":"(mqassess-rpc) - qps: 0.0/s, drops: 0, avg time: 0.0ms, med: 0.0ms, 90th: 0.0ms, 99th: 0.0ms, 99.9th: 0.0ms"}
{"@timestamp":"2022-05-16T11:26:31.070+08:00","level":"stat","content":"CPU: 0m, MEMORY: Alloc=8.1Mi, TotalAlloc=472.9Mi, Sys=27.3Mi, NumGC=111"}
{"@timestamp":"2022-05-16T11:26:31.197+08:00","level":"stat","content":"(rpc) shedding_stat [1m], cpu: 0, total: 0, pass: 0, drop: 0"}
{"@timestamp":"2022-05-16T11:26:32.205+08:00","level":"stat","content":"(AlgoOrderTrade) - qps: 0.0/s, drops: 0, avg time: 0.0ms, med: 0.0ms, 90th: 0.0ms, 99th: 0.0ms, 99.9th: 0.0ms"}
{"@timestamp":"2022-05-16T11:27:12.751+08:00","level":"stat","content":"(mqassess-rpc) - qps: 0.0/s, drops: 0, avg time: 0.0ms, med: 0.0ms, 90th: 0.0ms, 99th: 0.0ms, 99.9th: 0.0ms"}
{"@timestamp":"2022-05-16T11:27:31.068+08:00","level":"stat","content":"CPU: 0m, MEMORY: Alloc=6.0Mi, TotalAlloc=480.3Mi, Sys=27.3Mi, NumGC=113"}
{"@timestamp":"2022-05-16T11:27:31.193+08:00","level":"stat","content":"(rpc) shedding_stat [1m], cpu: 0, total: 0, pass: 0, drop: 0"}
{"@timestamp":"2022-05-16T11:27:32.205+08:00","level":"stat","content":"(AlgoOrderTrade) - qps: 0.0/s, drops: 0, avg time: 0.0ms, med: 0.0ms, 90th: 0.0ms, 99th: 0.0ms, 99.9th: 0.0ms"}
{"@timestamp":"2022-05-16T11:28:12.752+08:00","level":"stat","content":"(mqassess-rpc) - qps: 0.0/s, drops: 0, avg time: 0.0ms, med: 0.0ms, 90th: 0.0ms, 99th: 0.0ms, 99.9th: 0.0ms"}
{"@timestamp":"2022-05-16T11:28:31.069+08:00","level":"stat","content":"CPU: 0m, MEMORY: Alloc=8.2Mi, TotalAlloc=487.4Mi, Sys=27.3Mi, NumGC=114"}
{"@timestamp":"2022-05-16T11:28:31.195+08:00","level":"stat","content":"(rpc) shedding_stat [1m], cpu: 0, total: 0, pass: 0, drop: 0"}
{"@timestamp":"2022-05-16T11:28:32.194+08:00","level":"stat","content":"(AlgoOrderTrade) - qps: 0.0/s, drops: 0, avg time: 0.0ms, med: 0.0ms, 90th: 0.0ms, 99th: 0.0ms, 99.9th: 0.0ms"}
{"@timestamp":"2022-05-16T11:29:12.744+08:00","level":"stat","content":"(mqassess-rpc) - qps: 0.0/s, drops: 0, avg time: 0.0ms, med: 0.0ms, 90th: 0.0ms, 99th: 0.0ms, 99.9th: 0.0ms"}
{"@timestamp":"2022-05-16T11:29:31.071+08:00","level":"stat","content":"CPU: 0m, MEMORY: Alloc=9.2Mi, TotalAlloc=493.1Mi, Sys=27.3Mi, NumGC=115"}
{"@timestamp":"2022-05-16T11:29:31.195+08:00","level":"stat","content":"(rpc) shedding_stat [1m], cpu: 0, total: 0, pass: 0, drop: 0"}
{"@timestamp":"2022-05-16T11:29:32.200+08:00","level":"stat","content":"(AlgoOrderTrade) - qps: 0.0/s, drops: 0, avg time: 0.0ms, med: 0.0ms, 90th: 0.0ms, 99th: 0.0ms, 99.9th: 0.0ms"}
{"@timestamp":"2022-05-16T11:30:12.756+08:00","level":"stat","content":"(mqassess-rpc) - qps: 0.0/s, drops: 0, avg time: 0.0ms, med: 0.0ms, 90th: 0.0ms, 99th: 0.0ms, 99.9th: 0.0ms"}
{"@timestamp":"2022-05-16T11:30:31.073+08:00","level":"stat","content":"CPU: 0m, MEMORY: Alloc=10.6Mi, TotalAlloc=499.4Mi, Sys=27.3Mi, NumGC=116"}
{"@timestamp":"2022-05-16T11:30:31.200+08:00","level":"stat","content":"(rpc) shedding_stat [1m], cpu: 0, total: 0, pass: 0, drop: 0"}
{"@timestamp":"2022-05-16T11:30:32.204+08:00","level":"stat","content":"(AlgoOrderTrade) - qps: 0.0/s, drops: 0, avg time: 0.0ms, med: 0.0ms, 90th: 0.0ms, 99th: 0.0ms, 99.9th: 0.0ms"}
{"@timestamp":"2022-05-16T11:31:12.755+08:00","level":"stat","content":"(mqassess-rpc) - qps: 0.0/s, drops: 0, avg time: 0.0ms, med: 0.0ms, 90th: 0.0ms, 99th: 0.0ms, 99.9th: 0.0ms"}
{"@timestamp":"2022-05-16T11:31:31.064+08:00","level":"stat","content":"CPU: 0m, MEMORY: Alloc=7.1Mi, TotalAlloc=505.8Mi, Sys=27.3Mi, NumGC=118"}
{"@timestamp":"2022-05-16T11:31:31.190+08:00","level":"stat","content":"(rpc) shedding_stat [1m], cpu: 0, total: 0, pass: 0, drop: 0"}
{"@timestamp":"2022-05-16T11:31:32.206+08:00","level":"stat","content":"(AlgoOrderTrade) - qps: 0.0/s, drops: 0, avg time: 0.0ms, med: 0.0ms, 90th: 0.0ms, 99th: 0.0ms, 99.9th: 0.0ms"}
{"@timestamp":"2022-05-16T11:32:12.750+08:00","level":"stat","content":"(mqassess-rpc) - qps: 0.0/s, drops: 0, avg time: 0.0ms, med: 0.0ms, 90th: 0.0ms, 99th: 0.0ms, 99.9th: 0.0ms"}
{"@timestamp":"2022-05-16T11:32:31.070+08:00","level":"stat","content":"CPU: 0m, MEMORY: Alloc=8.7Mi, TotalAlloc=512.2Mi, Sys=27.3Mi, NumGC=119"}
{"@timestamp":"2022-05-16T11:32:31.193+08:00","level":"stat","content":"(rpc) shedding_stat [1m], cpu: 0, total: 0, pass: 0, drop: 0"}
{"@timestamp":"2022-05-16T11:32:32.196+08:00","level":"stat","content":"(AlgoOrderTrade) - qps: 0.0/s, drops: 0, avg time: 0.0ms, med: 0.0ms, 90th: 0.0ms, 99th: 0.0ms, 99.9th: 0.0ms"}
{"@timestamp":"2022-05-16T11:33:12.752+08:00","level":"stat","content":"(mqassess-rpc) - qps: 0.0/s, drops: 0, avg time: 0.0ms, med: 0.0ms, 90th: 0.0ms, 99th: 0.0ms, 99.9th: 0.0ms"}
{"@timestamp":"2022-05-16T11:33:31.062+08:00","level":"stat","content":"CPU: 0m, MEMORY: Alloc=5.7Mi, TotalAlloc=518.9Mi, Sys=27.3Mi, NumGC=121"}
{"@timestamp":"2022-05-16T11:33:31.199+08:00","level":"stat","content":"(rpc) shedding_stat [1m], cpu: 0, total: 0, pass: 0, drop: 0"}
{"@timestamp":"2022-05-16T11:33:32.191+08:00","level":"stat","content":"(AlgoOrderTrade) - qps: 0.0/s, drops: 0, avg time: 0.0ms, med: 0.0ms, 90th: 0.0ms, 99th: 0.0ms, 99.9th: 0.0ms"}
{"@timestamp":"2022-05-16T11:34:12.757+08:00","level":"stat","content":"(mqassess-rpc) - qps: 0.0/s, drops: 0, avg time: 0.0ms, med: 0.0ms, 90th: 0.0ms, 99th: 0.0ms, 99.9th: 0.0ms"}
{"@timestamp":"2022-05-16T11:34:31.073+08:00","level":"stat","content":"CPU: 0m, MEMORY: Alloc=7.7Mi, TotalAlloc=525.6Mi, Sys=27.3Mi, NumGC=122"}
{"@timestamp":"2022-05-16T11:34:31.199+08:00","level":"stat","content":"(rpc) shedding_stat [1m], cpu: 0, total: 0, pass: 0, drop: 0"}
{"@timestamp":"2022-05-16T11:34:32.204+08:00","level":"stat","content":"(AlgoOrderTrade) - qps: 0.0/s, drops: 0, avg time: 0.0ms, med: 0.0ms, 90th: 0.0ms, 99th: 0.0ms, 99.9th: 0.0ms"}
{"@timestamp":"2022-05-16T11:35:12.756+08:00","level":"stat","content":"(mqassess-rpc) - qps: 0.0/s, drops: 0, avg time: 0.0ms, med: 0.0ms, 90th: 0.0ms, 99th: 0.0ms, 99.9th: 0.0ms"}
{"@timestamp":"2022-05-16T11:35:31.063+08:00","level":"stat","content":"CPU: 0m, MEMORY: Alloc=9.6Mi, TotalAlloc=532.5Mi, Sys=27.3Mi, NumGC=123"}
{"@timestamp":"2022-05-16T11:35:31.192+08:00","level":"stat","content":"(rpc) shedding_stat [1m], cpu: 0, total: 0, pass: 0, drop: 0"}
{"@timestamp":"2022-05-16T11:35:32.204+08:00","level":"stat","content":"(AlgoOrderTrade) - qps: 0.0/s, drops: 0, avg time: 0.0ms, med: 0.0ms, 90th: 0.0ms, 99th: 0.0ms, 99.9th: 0.0ms"}
{"@timestamp":"2022-05-16T11:36:12.745+08:00","level":"stat","content":"(mqassess-rpc) - qps: 0.0/s, drops: 0, avg time: 0.0ms, med: 0.0ms, 90th: 0.0ms, 99th: 0.0ms, 99.9th: 0.0ms"}
{"@timestamp":"2022-05-16T11:36:31.072+08:00","level":"stat","content":"CPU: 0m, MEMORY: Alloc=6.1Mi, TotalAlloc=538.7Mi, Sys=27.3Mi, NumGC=125"}
{"@timestamp":"2022-05-16T11:36:31.196+08:00","level":"stat","content":"(rpc) shedding_stat [1m], cpu: 0, total: 0, pass: 0, drop: 0"}
{"@timestamp":"2022-05-16T11:36:32.198+08:00","level":"stat","content":"(AlgoOrderTrade) - qps: 0.0/s, drops: 0, avg time: 0.0ms, med: 0.0ms, 90th: 0.0ms, 99th: 0.0ms, 99.9th: 0.0ms"}
{"@timestamp":"2022-05-16T11:37:12.746+08:00","level":"stat","content":"(mqassess-rpc) - qps: 0.0/s, drops: 0, avg time: 0.0ms, med: 0.0ms, 90th: 0.0ms, 99th: 0.0ms, 99.9th: 0.0ms"}
{"@timestamp":"2022-05-16T11:37:31.073+08:00","level":"stat","content":"CPU: 0m, MEMORY: Alloc=8.5Mi, TotalAlloc=546.0Mi, Sys=27.3Mi, NumGC=126"}
{"@timestamp":"2022-05-16T11:37:31.197+08:00","level":"stat","content":"(rpc) shedding_stat [1m], cpu: 0, total: 0, pass: 0, drop: 0"}
{"@timestamp":"2022-05-16T11:37:32.203+08:00","level":"stat","content":"(AlgoOrderTrade) - qps: 0.0/s, drops: 0, avg time: 0.0ms, med: 0.0ms, 90th: 0.0ms, 99th: 0.0ms, 99.9th: 0.0ms"}
{"@timestamp":"2022-05-16T11:38:12.754+08:00","level":"stat","content":"(mqassess-rpc) - qps: 0.0/s, drops: 0, avg time: 0.0ms, med: 0.0ms, 90th: 0.0ms, 99th: 0.0ms, 99.9th: 0.0ms"}
{"@timestamp":"2022-05-16T11:38:31.064+08:00","level":"stat","content":"CPU: 0m, MEMORY: Alloc=5.7Mi, TotalAlloc=552.9Mi, Sys=27.3Mi, NumGC=128"}
{"@timestamp":"2022-05-16T11:38:31.191+08:00","level":"stat","content":"(rpc) shedding_stat [1m], cpu: 0, total: 0, pass: 0, drop: 0"}
{"@timestamp":"2022-05-16T11:38:32.194+08:00","level":"stat","content":"(AlgoOrderTrade) - qps: 0.0/s, drops: 0, avg time: 0.0ms, med: 0.0ms, 90th: 0.0ms, 99th: 0.0ms, 99.9th: 0.0ms"}
{"@timestamp":"2022-05-16T11:39:12.743+08:00","level":"stat","content":"(mqassess-rpc) - qps: 0.0/s, drops: 0, avg time: 0.0ms, med: 0.0ms, 90th: 0.0ms, 99th: 0.0ms, 99.9th: 0.0ms"}
{"@timestamp":"2022-05-16T11:39:31.063+08:00","level":"stat","content":"CPU: 0m, MEMORY: Alloc=7.7Mi, TotalAlloc=559.9Mi, Sys=27.3Mi, NumGC=129"}
{"@timestamp":"2022-05-16T11:39:31.190+08:00","level":"stat","content":"(rpc) shedding_stat [1m], cpu: 0, total: 0, pass: 0, drop: 0"}
{"@timestamp":"2022-05-16T11:39:32.197+08:00","level":"stat","content":"(AlgoOrderTrade) - qps: 0.0/s, drops: 0, avg time: 0.0ms, med: 0.0ms, 90th: 0.0ms, 99th: 0.0ms, 99.9th: 0.0ms"}
{"@timestamp":"2022-05-16T11:40:12.751+08:00","level":"stat","content":"(mqassess-rpc) - qps: 0.0/s, drops: 0, avg time: 0.0ms, med: 0.0ms, 90th: 0.0ms, 99th: 0.0ms, 99.9th: 0.0ms"}
{"@timestamp":"2022-05-16T11:40:31.062+08:00","level":"stat","content":"CPU: 0m, MEMORY: Alloc=9.6Mi, TotalAlloc=566.5Mi, Sys=27.3Mi, NumGC=130"}
{"@timestamp":"2022-05-16T11:40:31.203+08:00","level":"stat","content":"(rpc) shedding_stat [1m], cpu: 0, total: 0, pass: 0, drop: 0"}
{"@timestamp":"2022-05-16T11:40:32.202+08:00","level":"stat","content":"(AlgoOrderTrade) - qps: 0.0/s, drops: 0, avg time: 0.0ms, med: 0.0ms, 90th: 0.0ms, 99th: 0.0ms, 99.9th: 0.0ms"}
{"@timestamp":"2022-05-16T11:41:12.743+08:00","level":"stat","content":"(mqassess-rpc) - qps: 0.0/s, drops: 0, avg time: 0.0ms, med: 0.0ms, 90th: 0.0ms, 99th: 0.0ms, 99.9th: 0.0ms"}
{"@timestamp":"2022-05-16T11:41:31.076+08:00","level":"stat","content":"CPU: 0m, MEMORY: Alloc=6.4Mi, TotalAlloc=573.1Mi, Sys=27.3Mi, NumGC=132"}
{"@timestamp":"2022-05-16T11:41:31.203+08:00","level":"stat","content":"(rpc) shedding_stat [1m], cpu: 0, total: 0, pass: 0, drop: 0"}
{"@timestamp":"2022-05-16T11:41:32.191+08:00","level":"stat","content":"(AlgoOrderTrade) - qps: 0.0/s, drops: 0, avg time: 0.0ms, med: 0.0ms, 90th: 0.0ms, 99th: 0.0ms, 99.9th: 0.0ms"}
{"@timestamp":"2022-05-16T11:42:12.744+08:00","level":"stat","content":"(mqassess-rpc) - qps: 0.0/s, drops: 0, avg time: 0.0ms, med: 0.0ms, 90th: 0.0ms, 99th: 0.0ms, 99.9th: 0.0ms"}
{"@timestamp":"2022-05-16T11:42:31.062+08:00","level":"stat","content":"CPU: 0m, MEMORY: Alloc=8.4Mi, TotalAlloc=579.9Mi, Sys=27.3Mi, NumGC=133"}
{"@timestamp":"2022-05-16T11:42:31.203+08:00","level":"stat","content":"(rpc) shedding_stat [1m], cpu: 0, total: 0, pass: 0, drop: 0"}
{"@timestamp":"2022-05-16T11:42:32.194+08:00","level":"stat","content":"(AlgoOrderTrade) - qps: 0.0/s, drops: 0, avg time: 0.0ms, med: 0.0ms, 90th: 0.0ms, 99th: 0.0ms, 99.9th: 0.0ms"}
{"@timestamp":"2022-05-16T11:43:12.746+08:00","level":"stat","content":"(mqassess-rpc) - qps: 0.0/s, drops: 0, avg time: 0.0ms, med: 0.0ms, 90th: 0.0ms, 99th: 0.0ms, 99.9th: 0.0ms"}
{"@timestamp":"2022-05-16T11:43:31.075+08:00","level":"stat","content":"CPU: 0m, MEMORY: Alloc=10.0Mi, TotalAlloc=586.3Mi, Sys=27.3Mi, NumGC=134"}
{"@timestamp":"2022-05-16T11:43:31.200+08:00","level":"stat","content":"(rpc) shedding_stat [1m], cpu: 0, total: 0, pass: 0, drop: 0"}
{"@timestamp":"2022-05-16T11:43:32.198+08:00","level":"stat","content":"(AlgoOrderTrade) - qps: 0.0/s, drops: 0, avg time: 0.0ms, med: 0.0ms, 90th: 0.0ms, 99th: 0.0ms, 99.9th: 0.0ms"}
{"@timestamp":"2022-05-16T11:44:12.743+08:00","level":"stat","content":"(mqassess-rpc) - qps: 0.0/s, drops: 0, avg time: 0.0ms, med: 0.0ms, 90th: 0.0ms, 99th: 0.0ms, 99.9th: 0.0ms"}
{"@timestamp":"2022-05-16T11:44:31.064+08:00","level":"stat","content":"CPU: 0m, MEMORY: Alloc=6.2Mi, TotalAlloc=592.4Mi, Sys=27.3Mi, NumGC=136"}
{"@timestamp":"2022-05-16T11:44:31.190+08:00","level":"stat","content":"(rpc) shedding_stat [1m], cpu: 0, total: 0, pass: 0, drop: 0"}
{"@timestamp":"2022-05-16T11:44:32.195+08:00","level":"stat","content":"(AlgoOrderTrade) - qps: 0.0/s, drops: 0, avg time: 0.0ms, med: 0.0ms, 90th: 0.0ms, 99th: 0.0ms, 99.9th: 0.0ms"}
{"@timestamp":"2022-05-16T11:45:12.756+08:00","level":"stat","content":"(mqassess-rpc) - qps: 0.0/s, drops: 0, avg time: 0.0ms, med: 0.0ms, 90th: 0.0ms, 99th: 0.0ms, 99.9th: 0.0ms"}
{"@timestamp":"2022-05-16T11:45:31.067+08:00","level":"stat","content":"CPU: 0m, MEMORY: Alloc=7.1Mi, TotalAlloc=598.2Mi, Sys=27.3Mi, NumGC=137"}
{"@timestamp":"2022-05-16T11:45:31.192+08:00","level":"stat","content":"(rpc) shedding_stat [1m], cpu: 0, total: 0, pass: 0, drop: 0"}
{"@timestamp":"2022-05-16T11:45:32.203+08:00","level":"stat","content":"(AlgoOrderTrade) - qps: 0.0/s, drops: 0, avg time: 0.0ms, med: 0.0ms, 90th: 0.0ms, 99th: 0.0ms, 99.9th: 0.0ms"}
{"@timestamp":"2022-05-16T11:46:12.751+08:00","level":"stat","content":"(mqassess-rpc) - qps: 0.0/s, drops: 0, avg time: 0.0ms, med: 0.0ms, 90th: 0.0ms, 99th: 0.0ms, 99.9th: 0.0ms"}
{"@timestamp":"2022-05-16T11:46:31.069+08:00","level":"stat","content":"CPU: 0m, MEMORY: Alloc=9.1Mi, TotalAlloc=605.0Mi, Sys=27.3Mi, NumGC=138"}
{"@timestamp":"2022-05-16T11:46:31.196+08:00","level":"stat","content":"(rpc) shedding_stat [1m], cpu: 0, total: 0, pass: 0, drop: 0"}
{"@timestamp":"2022-05-16T11:46:32.199+08:00","level":"stat","content":"(AlgoOrderTrade) - qps: 0.0/s, drops: 0, avg time: 0.0ms, med: 0.0ms, 90th: 0.0ms, 99th: 0.0ms, 99.9th: 0.0ms"}
{"@timestamp":"2022-05-16T11:47:12.745+08:00","level":"stat","content":"(mqassess-rpc) - qps: 0.0/s, drops: 0, avg time: 0.0ms, med: 0.0ms, 90th: 0.0ms, 99th: 0.0ms, 99.9th: 0.0ms"}
{"@timestamp":"2022-05-16T11:47:31.073+08:00","level":"stat","content":"CPU: 0m, MEMORY: Alloc=10.2Mi, TotalAlloc=610.9Mi, Sys=27.3Mi, NumGC=139"}
{"@timestamp":"2022-05-16T11:47:31.199+08:00","level":"stat","content":"(rpc) shedding_stat [1m], cpu: 0, total: 0, pass: 0, drop: 0"}
{"@timestamp":"2022-05-16T11:47:32.206+08:00","level":"stat","content":"(AlgoOrderTrade) - qps: 0.0/s, drops: 0, avg time: 0.0ms, med: 0.0ms, 90th: 0.0ms, 99th: 0.0ms, 99.9th: 0.0ms"}
{"@timestamp":"2022-05-16T11:48:12.754+08:00","level":"stat","content":"(mqassess-rpc) - qps: 0.0/s, drops: 0, avg time: 0.0ms, med: 0.0ms, 90th: 0.0ms, 99th: 0.0ms, 99.9th: 0.0ms"}
{"@timestamp":"2022-05-16T11:48:31.068+08:00","level":"stat","content":"CPU: 0m, MEMORY: Alloc=6.9Mi, TotalAlloc=617.4Mi, Sys=27.3Mi, NumGC=141"}
{"@timestamp":"2022-05-16T11:48:31.195+08:00","level":"stat","content":"(rpc) shedding_stat [1m], cpu: 0, total: 0, pass: 0, drop: 0"}
{"@timestamp":"2022-05-16T11:48:32.202+08:00","level":"stat","content":"(AlgoOrderTrade) - qps: 0.0/s, drops: 0, avg time: 0.0ms, med: 0.0ms, 90th: 0.0ms, 99th: 0.0ms, 99.9th: 0.0ms"}
{"@timestamp":"2022-05-16T11:49:12.747+08:00","level":"stat","content":"(mqassess-rpc) - qps: 0.0/s, drops: 0, avg time: 0.0ms, med: 0.0ms, 90th: 0.0ms, 99th: 0.0ms, 99.9th: 0.0ms"}
{"@timestamp":"2022-05-16T11:49:31.073+08:00","level":"stat","content":"CPU: 0m, MEMORY: Alloc=8.5Mi, TotalAlloc=623.9Mi, Sys=27.3Mi, NumGC=142"}
{"@timestamp":"2022-05-16T11:49:31.200+08:00","level":"stat","content":"(rpc) shedding_stat [1m], cpu: 0, total: 0, pass: 0, drop: 0"}
{"@timestamp":"2022-05-16T11:49:32.192+08:00","level":"stat","content":"(AlgoOrderTrade) - qps: 0.0/s, drops: 0, avg time: 0.0ms, med: 0.0ms, 90th: 0.0ms, 99th: 0.0ms, 99.9th: 0.0ms"}
{"@timestamp":"2022-05-16T11:50:12.742+08:00","level":"stat","content":"(mqassess-rpc) - qps: 0.0/s, drops: 0, avg time: 0.0ms, med: 0.0ms, 90th: 0.0ms, 99th: 0.0ms, 99.9th: 0.0ms"}
{"@timestamp":"2022-05-16T11:50:31.073+08:00","level":"stat","content":"CPU: 0m, MEMORY: Alloc=5.9Mi, TotalAlloc=630.9Mi, Sys=27.3Mi, NumGC=144"}
{"@timestamp":"2022-05-16T11:50:31.200+08:00","level":"stat","content":"(rpc) shedding_stat [1m], cpu: 0, total: 0, pass: 0, drop: 0"}
{"@timestamp":"2022-05-16T11:50:32.194+08:00","level":"stat","content":"(AlgoOrderTrade) - qps: 0.0/s, drops: 0, avg time: 0.0ms, med: 0.0ms, 90th: 0.0ms, 99th: 0.0ms, 99.9th: 0.0ms"}
{"@timestamp":"2022-05-16T11:51:12.746+08:00","level":"stat","content":"(mqassess-rpc) - qps: 0.0/s, drops: 0, avg time: 0.0ms, med: 0.0ms, 90th: 0.0ms, 99th: 0.0ms, 99.9th: 0.0ms"}
{"@timestamp":"2022-05-16T11:51:31.072+08:00","level":"stat","content":"CPU: 0m, MEMORY: Alloc=7.8Mi, TotalAlloc=637.8Mi, Sys=27.3Mi, NumGC=145"}
{"@timestamp":"2022-05-16T11:51:31.196+08:00","level":"stat","content":"(rpc) shedding_stat [1m], cpu: 0, total: 0, pass: 0, drop: 0"}
{"@timestamp":"2022-05-16T11:51:32.198+08:00","level":"stat","content":"(AlgoOrderTrade) - qps: 0.0/s, drops: 0, avg time: 0.0ms, med: 0.0ms, 90th: 0.0ms, 99th: 0.0ms, 99.9th: 0.0ms"}
{"@timestamp":"2022-05-16T11:52:12.745+08:00","level":"stat","content":"(mqassess-rpc) - qps: 0.0/s, drops: 0, avg time: 0.0ms, med: 0.0ms, 90th: 0.0ms, 99th: 0.0ms, 99.9th: 0.0ms"}
{"@timestamp":"2022-05-16T11:52:31.075+08:00","level":"stat","content":"CPU: 0m, MEMORY: Alloc=10.0Mi, TotalAlloc=644.6Mi, Sys=27.3Mi, NumGC=146"}
{"@timestamp":"2022-05-16T11:52:31.200+08:00","level":"stat","content":"(rpc) shedding_stat [1m], cpu: 0, total: 0, pass: 0, drop: 0"}
{"@timestamp":"2022-05-16T11:52:32.204+08:00","level":"stat","content":"(AlgoOrderTrade) - qps: 0.0/s, drops: 0, avg time: 0.0ms, med: 0.0ms, 90th: 0.0ms, 99th: 0.0ms, 99.9th: 0.0ms"}
{"@timestamp":"2022-05-16T11:53:12.747+08:00","level":"stat","content":"(mqassess-rpc) - qps: 0.0/s, drops: 0, avg time: 0.0ms, med: 0.0ms, 90th: 0.0ms, 99th: 0.0ms, 99.9th: 0.0ms"}
{"@timestamp":"2022-05-16T11:53:31.064+08:00","level":"stat","content":"CPU: 0m, MEMORY: Alloc=6.9Mi, TotalAlloc=651.4Mi, Sys=27.3Mi, NumGC=148"}
{"@timestamp":"2022-05-16T11:53:31.190+08:00","level":"stat","content":"(rpc) shedding_stat [1m], cpu: 0, total: 0, pass: 0, drop: 0"}
{"@timestamp":"2022-05-16T11:53:32.204+08:00","level":"stat","content":"(AlgoOrderTrade) - qps: 0.0/s, drops: 0, avg time: 0.0ms, med: 0.0ms, 90th: 0.0ms, 99th: 0.0ms, 99.9th: 0.0ms"}
{"@timestamp":"2022-05-16T11:54:12.743+08:00","level":"stat","content":"(mqassess-rpc) - qps: 0.0/s, drops: 0, avg time: 0.0ms, med: 0.0ms, 90th: 0.0ms, 99th: 0.0ms, 99.9th: 0.0ms"}
{"@timestamp":"2022-05-16T11:54:31.072+08:00","level":"stat","content":"CPU: 0m, MEMORY: Alloc=8.6Mi, TotalAlloc=657.9Mi, Sys=27.3Mi, NumGC=149"}
{"@timestamp":"2022-05-16T11:54:31.195+08:00","level":"stat","content":"(rpc) shedding_stat [1m], cpu: 0, total: 0, pass: 0, drop: 0"}
{"@timestamp":"2022-05-16T11:54:32.196+08:00","level":"stat","content":"(AlgoOrderTrade) - qps: 0.0/s, drops: 0, avg time: 0.0ms, med: 0.0ms, 90th: 0.0ms, 99th: 0.0ms, 99.9th: 0.0ms"}
{"@timestamp":"2022-05-16T11:55:12.757+08:00","level":"stat","content":"(mqassess-rpc) - qps: 0.0/s, drops: 0, avg time: 0.0ms, med: 0.0ms, 90th: 0.0ms, 99th: 0.0ms, 99.9th: 0.0ms"}
{"@timestamp":"2022-05-16T11:55:31.071+08:00","level":"stat","content":"CPU: 0m, MEMORY: Alloc=5.7Mi, TotalAlloc=664.6Mi, Sys=27.3Mi, NumGC=151"}
{"@timestamp":"2022-05-16T11:55:31.198+08:00","level":"stat","content":"(rpc) shedding_stat [1m], cpu: 0, total: 0, pass: 0, drop: 0"}
{"@timestamp":"2022-05-16T11:55:32.198+08:00","level":"stat","content":"(AlgoOrderTrade) - qps: 0.0/s, drops: 0, avg time: 0.0ms, med: 0.0ms, 90th: 0.0ms, 99th: 0.0ms, 99.9th: 0.0ms"}
{"@timestamp":"2022-05-16T11:56:12.745+08:00","level":"stat","content":"(mqassess-rpc) - qps: 0.0/s, drops: 0, avg time: 0.0ms, med: 0.0ms, 90th: 0.0ms, 99th: 0.0ms, 99.9th: 0.0ms"}
{"@timestamp":"2022-05-16T11:56:31.074+08:00","level":"stat","content":"CPU: 0m, MEMORY: Alloc=8.0Mi, TotalAlloc=671.7Mi, Sys=27.3Mi, NumGC=152"}
{"@timestamp":"2022-05-16T11:56:31.199+08:00","level":"stat","content":"(rpc) shedding_stat [1m], cpu: 0, total: 0, pass: 0, drop: 0"}
{"@timestamp":"2022-05-16T11:56:32.204+08:00","level":"stat","content":"(AlgoOrderTrade) - qps: 0.0/s, drops: 0, avg time: 0.0ms, med: 0.0ms, 90th: 0.0ms, 99th: 0.0ms, 99.9th: 0.0ms"}
{"@timestamp":"2022-05-16T11:57:12.749+08:00","level":"stat","content":"(mqassess-rpc) - qps: 0.0/s, drops: 0, avg time: 0.0ms, med: 0.0ms, 90th: 0.0ms, 99th: 0.0ms, 99.9th: 0.0ms"}
{"@timestamp":"2022-05-16T11:57:31.067+08:00","level":"stat","content":"CPU: 0m, MEMORY: Alloc=10.4Mi, TotalAlloc=679.0Mi, Sys=27.3Mi, NumGC=153"}
{"@timestamp":"2022-05-16T11:57:31.192+08:00","level":"stat","content":"(rpc) shedding_stat [1m], cpu: 0, total: 0, pass: 0, drop: 0"}
{"@timestamp":"2022-05-16T11:57:32.198+08:00","level":"stat","content":"(AlgoOrderTrade) - qps: 0.0/s, drops: 0, avg time: 0.0ms, med: 0.0ms, 90th: 0.0ms, 99th: 0.0ms, 99.9th: 0.0ms"}
{"@timestamp":"2022-05-16T11:58:12.745+08:00","level":"stat","content":"(mqassess-rpc) - qps: 0.0/s, drops: 0, avg time: 0.0ms, med: 0.0ms, 90th: 0.0ms, 99th: 0.0ms, 99.9th: 0.0ms"}
{"@timestamp":"2022-05-16T11:58:31.065+08:00","level":"stat","content":"CPU: 0m, MEMORY: Alloc=7.1Mi, TotalAlloc=685.5Mi, Sys=27.3Mi, NumGC=155"}
{"@timestamp":"2022-05-16T11:58:31.191+08:00","level":"stat","content":"(rpc) shedding_stat [1m], cpu: 0, total: 0, pass: 0, drop: 0"}
{"@timestamp":"2022-05-16T11:58:32.199+08:00","level":"stat","content":"(AlgoOrderTrade) - qps: 0.0/s, drops: 0, avg time: 0.0ms, med: 0.0ms, 90th: 0.0ms, 99th: 0.0ms, 99.9th: 0.0ms"}
{"@timestamp":"2022-05-16T11:59:12.756+08:00","level":"stat","content":"(mqassess-rpc) - qps: 0.0/s, drops: 0, avg time: 0.0ms, med: 0.0ms, 90th: 0.0ms, 99th: 0.0ms, 99.9th: 0.0ms"}
{"@timestamp":"2022-05-16T11:59:31.064+08:00","level":"stat","content":"CPU: 0m, MEMORY: Alloc=9.0Mi, TotalAlloc=692.2Mi, Sys=27.3Mi, NumGC=156"}
{"@timestamp":"2022-05-16T11:59:31.190+08:00","level":"stat","content":"(rpc) shedding_stat [1m], cpu: 0, total: 0, pass: 0, drop: 0"}
{"@timestamp":"2022-05-16T11:59:32.199+08:00","level":"stat","content":"(AlgoOrderTrade) - qps: 0.0/s, drops: 0, avg time: 0.0ms, med: 0.0ms, 90th: 0.0ms, 99th: 0.0ms, 99.9th: 0.0ms"}
{"@timestamp":"2022-05-16T12:00:12.747+08:00","level":"stat","content":"(mqassess-rpc) - qps: 0.0/s, drops: 0, avg time: 0.0ms, med: 0.0ms, 90th: 0.0ms, 99th: 0.0ms, 99.9th: 0.0ms"}
{"@timestamp":"2022-05-16T12:00:31.065+08:00","level":"stat","content":"CPU: 0m, MEMORY: Alloc=5.7Mi, TotalAlloc=698.5Mi, Sys=27.3Mi, NumGC=158"}
{"@timestamp":"2022-05-16T12:00:31.190+08:00","level":"stat","content":"(rpc) shedding_stat [1m], cpu: 0, total: 0, pass: 0, drop: 0"}
{"@timestamp":"2022-05-16T12:00:32.194+08:00","level":"stat","content":"(AlgoOrderTrade) - qps: 0.0/s, drops: 0, avg time: 0.0ms, med: 0.0ms, 90th: 0.0ms, 99th: 0.0ms, 99.9th: 0.0ms"}
{"@timestamp":"2022-05-16T12:01:12.743+08:00","level":"stat","content":"(mqassess-rpc) - qps: 0.0/s, drops: 0, avg time: 0.0ms, med: 0.0ms, 90th: 0.0ms, 99th: 0.0ms, 99.9th: 0.0ms"}
{"@timestamp":"2022-05-16T12:01:31.070+08:00","level":"stat","content":"CPU: 0m, MEMORY: Alloc=7.1Mi, TotalAlloc=704.8Mi, Sys=27.3Mi, NumGC=159"}
{"@timestamp":"2022-05-16T12:01:31.194+08:00","level":"stat","content":"(rpc) shedding_stat [1m], cpu: 0, total: 0, pass: 0, drop: 0"}
{"@timestamp":"2022-05-16T12:01:32.203+08:00","level":"stat","content":"(AlgoOrderTrade) - qps: 0.0/s, drops: 0, avg time: 0.0ms, med: 0.0ms, 90th: 0.0ms, 99th: 0.0ms, 99.9th: 0.0ms"}
{"@timestamp":"2022-05-16T12:02:12.744+08:00","level":"stat","content":"(mqassess-rpc) - qps: 0.0/s, drops: 0, avg time: 0.0ms, med: 0.0ms, 90th: 0.0ms, 99th: 0.0ms, 99.9th: 0.0ms"}
{"@timestamp":"2022-05-16T12:02:31.076+08:00","level":"stat","content":"CPU: 0m, MEMORY: Alloc=8.7Mi, TotalAlloc=711.3Mi, Sys=27.3Mi, NumGC=160"}
{"@timestamp":"2022-05-16T12:02:31.202+08:00","level":"stat","content":"(rpc) shedding_stat [1m], cpu: 0, total: 0, pass: 0, drop: 0"}
{"@timestamp":"2022-05-16T12:02:32.194+08:00","level":"stat","content":"(AlgoOrderTrade) - qps: 0.0/s, drops: 0, avg time: 0.0ms, med: 0.0ms, 90th: 0.0ms, 99th: 0.0ms, 99.9th: 0.0ms"}
{"@timestamp":"2022-05-16T12:03:12.742+08:00","level":"stat","content":"(mqassess-rpc) - qps: 0.0/s, drops: 0, avg time: 0.0ms, med: 0.0ms, 90th: 0.0ms, 99th: 0.0ms, 99.9th: 0.0ms"}
{"@timestamp":"2022-05-16T12:03:31.064+08:00","level":"stat","content":"CPU: 0m, MEMORY: Alloc=9.7Mi, TotalAlloc=717.3Mi, Sys=27.3Mi, NumGC=161"}
{"@timestamp":"2022-05-16T12:03:31.190+08:00","level":"stat","content":"(rpc) shedding_stat [1m], cpu: 0, total: 0, pass: 0, drop: 0"}
{"@timestamp":"2022-05-16T12:03:32.200+08:00","level":"stat","content":"(AlgoOrderTrade) - qps: 0.0/s, drops: 0, avg time: 0.0ms, med: 0.0ms, 90th: 0.0ms, 99th: 0.0ms, 99.9th: 0.0ms"}
{"@timestamp":"2022-05-16T12:04:12.749+08:00","level":"stat","content":"(mqassess-rpc) - qps: 0.0/s, drops: 0, avg time: 0.0ms, med: 0.0ms, 90th: 0.0ms, 99th: 0.0ms, 99.9th: 0.0ms"}
{"@timestamp":"2022-05-16T12:04:31.073+08:00","level":"stat","content":"CPU: 0m, MEMORY: Alloc=6.0Mi, TotalAlloc=723.3Mi, Sys=27.3Mi, NumGC=163"}
{"@timestamp":"2022-05-16T12:04:31.199+08:00","level":"stat","content":"(rpc) shedding_stat [1m], cpu: 0, total: 0, pass: 0, drop: 0"}
{"@timestamp":"2022-05-16T12:04:32.196+08:00","level":"stat","content":"(AlgoOrderTrade) - qps: 0.0/s, drops: 0, avg time: 0.0ms, med: 0.0ms, 90th: 0.0ms, 99th: 0.0ms, 99.9th: 0.0ms"}
